<?xml version="1.0" encoding="UTF-8"?>
<robot generator="Robot 7.2.2 (Python 3.13.3 on win32)" generated="2025-05-27T10:17:22.460897" rpa="false" schemaversion="5">
<suite id="s1" name="Demo12 Db Suite" source="D:\Balaji\Company\Vivriti\AutomationProject\robot_db_suite\demo12_db_suite.robot">
<kw name="Connect To Database" owner="DatabaseLibrary" type="SETUP">
<msg time="2025-05-27T10:17:22.536927" level="WARN">Argument 'dbHost' is deprecated, use 'db_host' instead</msg>
<msg time="2025-05-27T10:17:22.546866" level="INFO">Replacing 'dbHost' with 'db_host'</msg>
<msg time="2025-05-27T10:17:22.547209" level="WARN">Argument 'dbPort' is deprecated, use 'db_port' instead</msg>
<msg time="2025-05-27T10:17:22.547866" level="INFO">Replacing 'dbPort' with 'db_port'</msg>
<msg time="2025-05-27T10:17:22.548064" level="INFO">Looking for configuration file: 'resources\db.cfg'</msg>
<msg time="2025-05-27T10:17:22.548379" level="INFO">Configuration file doesn't exist</msg>
<msg time="2025-05-27T10:17:22.580995" level="INFO">Connect to DB using : pymysql.connect(db='dbfree_db', user='dbfree_db', passwd=***, host='db4free.net', port=3306, charset='utf8mb4')</msg>
<msg time="2025-05-27T10:17:25.624189" level="FAIL">OperationalError: (2003, "Can't connect to MySQL server on 'db4free.net' ([WinError 10061] No connection could be made because the target machine actively refused it)")</msg>
<arg>db_module=pymysql</arg>
<arg>db_name=dbfree_db</arg>
<arg>db_user=dbfree_db</arg>
<arg>db_password=12345678</arg>
<arg>dbHost=db4free.net</arg>
<arg>dbPort=3306</arg>
<arg>alias=db1</arg>
<doc>Creates a database connection using the DB API 2.0 ``db_module`` and the parameters provided.
Along with listed commonly used arguments (`db_name`, `db_host` etc.)
you can set any other DB module specific parameters as key/value pairs.</doc>
<status status="FAIL" start="2025-05-27T10:17:22.536092" elapsed="3.090567">OperationalError: (2003, "Can't connect to MySQL server on 'db4free.net' ([WinError 10061] No connection could be made because the target machine actively refused it)")</status>
</kw>
<test id="s1-t1" name="TC3 Update Insert Delete" line="25">
<status status="FAIL" start="2025-05-27T10:17:25.626953" elapsed="0.000799">Parent suite setup failed:
OperationalError: (2003, "Can't connect to MySQL server on 'db4free.net' ([WinError 10061] No connection could be made because the target machine actively refused it)")</status>
</test>
<kw name="Disconnect From Database" owner="DatabaseLibrary" type="TEARDOWN">
<msg time="2025-05-27T10:17:25.629168" level="INFO">No open database connection to close</msg>
<doc>Disconnects from the database.</doc>
<status status="PASS" start="2025-05-27T10:17:25.628911" elapsed="0.000390"/>
</kw>
<status status="FAIL" start="2025-05-27T10:17:22.475513" elapsed="3.153903">Suite setup failed:
OperationalError: (2003, "Can't connect to MySQL server on 'db4free.net' ([WinError 10061] No connection could be made because the target machine actively refused it)")</status>
</suite>
<statistics>
<total>
<stat pass="0" fail="1" skip="0">All Tests</stat>
</total>
<tag>
</tag>
<suite>
<stat name="Demo12 Db Suite" id="s1" pass="0" fail="1" skip="0">Demo12 Db Suite</stat>
</suite>
</statistics>
<errors>
<msg time="2025-05-27T10:17:22.536927" level="WARN">Argument 'dbHost' is deprecated, use 'db_host' instead</msg>
<msg time="2025-05-27T10:17:22.547209" level="WARN">Argument 'dbPort' is deprecated, use 'db_port' instead</msg>
</errors>
</robot>
