<?xml version="1.0" encoding="UTF-8"?>
<robot generator="Robot 7.2.2 (Python 3.13.3 on win32)" generated="2025-05-22T12:22:22.641296" rpa="false" schemaversion="5">
<suite id="s1" name="Demo2 Meddibuddy" source="D:\Balaji\Company\Vivriti\AutomationProject\robot_selenium_suite\demo2_meddibuddy.robot">
<test id="s1-t1" name="TC2" line="5">
<kw name="Open Browser" owner="SeleniumLibrary">
<msg time="2025-05-22T12:22:23.445091" level="INFO">Opening browser 'chrome' to base url 'https://www.medibuddy.in/'.</msg>
<arg>url=https://www.medibuddy.in/</arg>
<arg>browser=chrome</arg>
<doc>Opens a new browser instance to the optional ``url``.</doc>
<status status="PASS" start="2025-05-22T12:22:23.444476" elapsed="4.668495"/>
</kw>
<kw name="Set Selenium Implicit Wait" owner="SeleniumLibrary">
<arg>30s</arg>
<doc>Sets the implicit wait value used by Selenium.</doc>
<status status="PASS" start="2025-05-22T12:22:28.113660" elapsed="0.008188"/>
</kw>
<kw name="Click Element" owner="SeleniumLibrary">
<msg time="2025-05-22T12:22:28.123596" level="INFO">Clicking element 'link=Login'.</msg>
<arg>link=Login</arg>
<doc>Click the element identified by ``locator``.</doc>
<status status="PASS" start="2025-05-22T12:22:28.122554" elapsed="2.420497"/>
</kw>
<kw name="Sleep" owner="BuiltIn">
<msg time="2025-05-22T12:22:35.544624" level="INFO">Slept 5 seconds.</msg>
<arg>5s</arg>
<doc>Pauses the test executed for the given time.</doc>
<status status="PASS" start="2025-05-22T12:22:30.543451" elapsed="5.001699"/>
</kw>
<kw name="Input Text" owner="SeleniumLibrary">
<msg time="2025-05-22T12:22:35.546701" level="INFO">Typing text '89844432' into text field 'id=phone'.</msg>
<arg>id=phone</arg>
<arg>89844432</arg>
<doc>Types the given ``text`` into the text field identified by ``locator``.</doc>
<status status="PASS" start="2025-05-22T12:22:35.545767" elapsed="0.198606"/>
</kw>
<status status="PASS" start="2025-05-22T12:22:23.442761" elapsed="12.301993"/>
</test>
<status status="PASS" start="2025-05-22T12:22:22.662047" elapsed="13.083969"/>
</suite>
<statistics>
<total>
<stat pass="1" fail="0" skip="0">All Tests</stat>
</total>
<tag>
</tag>
<suite>
<stat name="Demo2 Meddibuddy" id="s1" pass="1" fail="0" skip="0">Demo2 Meddibuddy</stat>
</suite>
</statistics>
<errors>
</errors>
</robot>
