<?xml version="1.0" encoding="UTF-8"?>
<robot generator="Robot 7.2.2 (Python 3.13.3 on win32)" generated="2025-05-26T13:25:51.789763" rpa="false" schemaversion="5">
<suite id="s1" name="Demo12 Db Suite" source="D:\Balaji\Company\Vivriti\AutomationProject\robot_selenium_suite\demo12_db_suite.robot">
<test id="s1-t1" name="TC1" line="5">
<kw name="Connect To Database" owner="DatabaseLibrary">
<msg time="2025-05-26T13:25:51.875665" level="WARN">Argument 'dbapiModuleName' is deprecated, use 'db_module' instead</msg>
<msg time="2025-05-26T13:25:51.879541" level="INFO">Replacing 'dbapiModuleName' with 'db_module'</msg>
<msg time="2025-05-26T13:25:51.879839" level="WARN">Argument 'dbName' is deprecated, use 'db_name' instead</msg>
<msg time="2025-05-26T13:25:51.881097" level="INFO">Replacing 'dbName' with 'db_name'</msg>
<msg time="2025-05-26T13:25:51.882871" level="WARN">Argument 'dbUsername' is deprecated, use 'db_user' instead</msg>
<msg time="2025-05-26T13:25:51.884628" level="INFO">Replacing 'dbUsername' with 'db_user'</msg>
<msg time="2025-05-26T13:25:51.885404" level="WARN">Argument 'dbPassword' is deprecated, use 'db_password' instead</msg>
<msg time="2025-05-26T13:25:51.886570" level="INFO">Replacing 'dbPassword' with 'db_password'</msg>
<msg time="2025-05-26T13:25:51.886842" level="WARN">Argument 'dbHost' is deprecated, use 'db_host' instead</msg>
<msg time="2025-05-26T13:25:51.887039" level="INFO">Replacing 'dbHost' with 'db_host'</msg>
<msg time="2025-05-26T13:25:51.887208" level="WARN">Argument 'dbPort' is deprecated, use 'db_port' instead</msg>
<msg time="2025-05-26T13:25:51.887347" level="INFO">Replacing 'dbPort' with 'db_port'</msg>
<msg time="2025-05-26T13:25:51.887460" level="INFO">Looking for configuration file: 'resources\db.cfg'</msg>
<msg time="2025-05-26T13:25:51.887683" level="INFO">Configuration file doesn't exist</msg>
<msg time="2025-05-26T13:25:51.922751" level="INFO">Connect to DB using : pymysql.connect(db='dbfree_db', user='dbfree_db', passwd=***, host='db4free.net', port=3306, charset='utf8mb4')</msg>
<arg>dbapiModuleName=pymysql</arg>
<arg>dbName=dbfree_db</arg>
<arg>dbUsername=dbfree_db</arg>
<arg>dbPassword=12345678</arg>
<arg>dbHost=db4free.net</arg>
<arg>dbPort=3306</arg>
<doc>Creates a database connection using the DB API 2.0 ``db_module`` and the parameters provided.
Along with listed commonly used arguments (`db_name`, `db_host` etc.)
you can set any other DB module specific parameters as key/value pairs.</doc>
<status status="PASS" start="2025-05-26T13:25:51.874818" elapsed="1.683586"/>
</kw>
<kw name="Row Count" owner="DatabaseLibrary">
<msg time="2025-05-26T13:25:53.559201" level="INFO" html="true">Executing sql:&lt;br&gt;&lt;code style="font-weight: bold;"&gt;select * from Product&lt;/code&gt;</msg>
<msg time="2025-05-26T13:25:54.054323" level="INFO">Error occurred: (1146, "Table 'dbfree_db.Product' doesn't exist")</msg>
<msg time="2025-05-26T13:25:54.054516" level="INFO">Rollback the transaction</msg>
<msg time="2025-05-26T13:25:54.246220" level="FAIL">ProgrammingError: (1146, "Table 'dbfree_db.Product' doesn't exist")</msg>
<var>${row_count}</var>
<arg>select * from Product</arg>
<doc>Runs a query with the ``select_statement`` and returns the number of rows in the result.</doc>
<status status="FAIL" start="2025-05-26T13:25:53.558842" elapsed="0.692181">ProgrammingError: (1146, "Table 'dbfree_db.Product' doesn't exist")</status>
</kw>
<kw name="Log To Console" owner="BuiltIn">
<arg>${row_count}</arg>
<doc>Logs the given message to the console.</doc>
<status status="NOT RUN" start="2025-05-26T13:25:54.251549" elapsed="0.000211"/>
</kw>
<kw name="Disconnect From Database" owner="DatabaseLibrary">
<doc>Disconnects from the database.</doc>
<status status="NOT RUN" start="2025-05-26T13:25:54.252031" elapsed="0.000113"/>
</kw>
<status status="FAIL" start="2025-05-26T13:25:51.873374" elapsed="2.379024">ProgrammingError: (1146, "Table 'dbfree_db.Product' doesn't exist")</status>
</test>
<status status="FAIL" start="2025-05-26T13:25:51.812042" elapsed="2.441117"/>
</suite>
<statistics>
<total>
<stat pass="0" fail="1" skip="0">All Tests</stat>
</total>
<tag>
</tag>
<suite>
<stat name="Demo12 Db Suite" id="s1" pass="0" fail="1" skip="0">Demo12 Db Suite</stat>
</suite>
</statistics>
<errors>
<msg time="2025-05-26T13:25:51.875665" level="WARN">Argument 'dbapiModuleName' is deprecated, use 'db_module' instead</msg>
<msg time="2025-05-26T13:25:51.879839" level="WARN">Argument 'dbName' is deprecated, use 'db_name' instead</msg>
<msg time="2025-05-26T13:25:51.882871" level="WARN">Argument 'dbUsername' is deprecated, use 'db_user' instead</msg>
<msg time="2025-05-26T13:25:51.885404" level="WARN">Argument 'dbPassword' is deprecated, use 'db_password' instead</msg>
<msg time="2025-05-26T13:25:51.886842" level="WARN">Argument 'dbHost' is deprecated, use 'db_host' instead</msg>
<msg time="2025-05-26T13:25:51.887208" level="WARN">Argument 'dbPort' is deprecated, use 'db_port' instead</msg>
</errors>
</robot>
