<?xml version="1.0" encoding="UTF-8"?>
<robot generator="Robot 7.2.2 (Python 3.13.3 on win32)" generated="2025-05-29T00:41:28.968876" rpa="false" schemaversion="5">
<suite id="s1" name="Git Api Suite" source="D:\Balaji\Company\Vivriti\AutomationProject\git_api_suite">
<kw name="Create Git Session with Bearer Token" owner="setup" type="SETUP">
<kw name="Create Dictionary" owner="BuiltIn">
<msg time="2025-05-29T00:41:29.618940" level="INFO">&amp;{header} = { accept=application/vnd.github+json | Authorization=Bearer llllllllllllljk }</msg>
<var>&amp;{header}</var>
<arg>accept=application/vnd.github+json</arg>
<arg>Authorization=Bearer ${TOKEN}</arg>
<doc>Creates and returns a dictionary based on the given ``items``.</doc>
<status status="PASS" start="2025-05-29T00:41:29.618411" elapsed="0.002872"/>
</kw>
<kw name="Create Session" owner="RequestsLibrary">
<msg time="2025-05-29T00:41:29.622577" level="INFO">Creating Session using : alias=gitapibearer, url=https://api.github.com, headers={'accept': 'application/vnd.github+json', 'Authorization': 'Bearer llllllllllllljk'},                     cookies={}, auth=None, timeout=None, proxies=None, verify=False,                     debug=0 </msg>
<arg>alias=gitapibearer</arg>
<arg>url=https://api.github.com</arg>
<arg>headers=${header}</arg>
<doc>Create Session: create a HTTP session to a server</doc>
<status status="PASS" start="2025-05-29T00:41:29.621651" elapsed="0.001285"/>
</kw>
<kw name="Set Global Variable" owner="BuiltIn">
<msg time="2025-05-29T00:41:29.623427" level="INFO">${GIT_USERNAME} = dbala-cloud</msg>
<arg>${GIT_USERNAME}</arg>
<arg>${GIT_USERNAME}</arg>
<doc>Makes a variable available globally in all tests and suites.</doc>
<status status="PASS" start="2025-05-29T00:41:29.623138" elapsed="0.000394"/>
</kw>
<kw name="Set Global Variable" owner="BuiltIn">
<msg time="2025-05-29T00:41:29.623903" level="INFO">${TOKEN} = llllllllllllljk</msg>
<arg>${TOKEN}</arg>
<arg>${TOKEN}</arg>
<doc>Makes a variable available globally in all tests and suites.</doc>
<status status="PASS" start="2025-05-29T00:41:29.623674" elapsed="0.000317"/>
</kw>
<status status="PASS" start="2025-05-29T00:41:29.616995" elapsed="0.007107"/>
</kw>
<suite id="s1-s1" name="Demo2 Git Api Suite" source="D:\Balaji\Company\Vivriti\AutomationProject\git_api_suite\demo2_git_api_suite.robot">
<test id="s1-s1-t1" name="TC1 Get Repo Details" line="6">
<kw name="GET On Session" owner="RequestsLibrary">
<msg time="2025-05-29T00:41:30.004404" level="INFO">GET Request : url=https://api.github.com/repos/dbala-cloud/Durgaa 
 path_url=/repos/dbala-cloud/Durgaa 
 headers={'User-Agent': 'python-requests/2.32.3', 'Accept-Encoding': 'gzip, deflate', 'accept': 'application/vnd.github+json', 'Connection': 'keep-alive', 'Authorization': 'Bearer llllllllllllljk'} 
 body=None 
 </msg>
<msg time="2025-05-29T00:41:30.005276" level="INFO">GET Response : url=https://api.github.com/repos/dbala-cloud/Durgaa 
 status=401, reason=Unauthorized 
 headers={'Date': 'Wed, 28 May 2025 19:11:29 GMT', 'Content-Type': 'application/json; charset=utf-8', 'Content-Length': '95', 'X-GitHub-Media-Type': 'github.v3; format=json', 'X-RateLimit-Limit': '60', 'X-RateLimit-Remaining': '59', 'X-RateLimit-Reset': '1748463089', 'X-RateLimit-Used': '1', 'X-RateLimit-Resource': 'core', 'Access-Control-Expose-Headers': 'ETag, Link, Location, Retry-After, X-GitHub-OTP, X-RateLimit-Limit, X-RateLimit-Remaining, X-RateLimit-Used, X-RateLimit-Resource, X-RateLimit-Reset, X-OAuth-Scopes, X-Accepted-OAuth-Scopes, X-Poll-Interval, X-GitHub-Media-Type, X-GitHub-SSO, X-GitHub-Request-Id, Deprecation, Sunset', 'Access-Control-Allow-Origin': '*', 'Strict-Transport-Security': 'max-age=31536000; includeSubdomains; preload', 'X-Frame-Options': 'deny', 'X-Content-Type-Options': 'nosniff', 'X-XSS-Protection': '0', 'Referrer-Policy': 'origin-when-cross-origin, strict-origin-when-cross-origin', 'Content-Security-Policy': "default-src 'none'", 'Vary': 'Accept-Encoding, Accept, X-Requested-With', 'Server': 'github.com', 'X-GitHub-Request-Id': 'F995:70382:171B72:1D05AE:68375FE1'} 
 body={"message":"Bad credentials","documentation_url":"https://docs.github.com/rest","status":"401"} 
 </msg>
<msg time="2025-05-29T00:41:30.005879" level="INFO">C:\Program Files\Python313\Lib\site-packages\urllib3\connectionpool.py:1097: InsecureRequestWarning: Unverified HTTPS request is being made to host 'api.github.com'. Adding certificate verification is strongly advised. See: https://urllib3.readthedocs.io/en/latest/advanced-usage.html#tls-warnings
  warnings.warn(</msg>
<msg time="2025-05-29T00:41:30.006629" level="INFO">${response} = &lt;Response [401]&gt;</msg>
<var>${response}</var>
<arg>alias=gitapibearer</arg>
<arg>url=/repos/${GIT_USERNAME}/Durgaa</arg>
<arg>expected_status=any</arg>
<doc>Sends a GET request on a previously created HTTP Session.</doc>
<status status="PASS" start="2025-05-29T00:41:29.629548" elapsed="0.377409"/>
</kw>
<kw name="Log" owner="BuiltIn">
<msg time="2025-05-29T00:41:30.009956" level="FAIL">Dictionary '${response.json()}' has no key 'private'.</msg>
<arg>${response.json()}[private]</arg>
<doc>Logs the given message with the given level.</doc>
<status status="FAIL" start="2025-05-29T00:41:30.007749" elapsed="0.002644">Dictionary '${response.json()}' has no key 'private'.</status>
</kw>
<kw name="Log" owner="BuiltIn">
<arg>${response.json()['private']}</arg>
<doc>Logs the given message with the given level.</doc>
<status status="NOT RUN" start="2025-05-29T00:41:30.011144" elapsed="0.000860"/>
</kw>
<kw name="Should Not Be True" owner="BuiltIn">
<arg>${response.json()['private']}</arg>
<doc>Fails if the given condition is true.</doc>
<status status="NOT RUN" start="2025-05-29T00:41:30.012716" elapsed="0.000413"/>
</kw>
<status status="FAIL" start="2025-05-29T00:41:29.628848" elapsed="0.385081">Dictionary '${response.json()}' has no key 'private'.</status>
</test>
<test id="s1-s1-t2" name="TC2 Update Git Details" line="14">
<kw name="Get File For Streaming Upload" owner="RequestsLibrary">
<msg time="2025-05-29T00:41:30.020441" level="INFO">${body} = &lt;_io.BufferedReader name='D:\\Balaji\\Company\\Vivriti\\AutomationProject\\files\\repo_update.json'&gt;</msg>
<var>${body}</var>
<arg>path=${EXECDIR}${/}files${/}repo_update.json</arg>
<doc>Opens and returns a file descriptor of a specified file to be passed as ``data`` parameter
to other requests keywords.</doc>
<status status="PASS" start="2025-05-29T00:41:30.018411" elapsed="0.002318"/>
</kw>
<kw name="PATCH On Session" owner="RequestsLibrary">
<msg time="2025-05-29T00:41:30.276354" level="INFO">PATCH Request : url=https://api.github.com/repos/dbala-cloud/repo1 
 path_url=/repos/dbala-cloud/repo1 
 headers={'User-Agent': 'python-requests/2.32.3', 'Accept-Encoding': 'gzip, deflate', 'accept': 'application/vnd.github+json', 'Connection': 'keep-alive', 'Authorization': 'Bearer llllllllllllljk', 'Content-Length': '49'} 
 body=&lt;_io.BufferedReader name='D:\\Balaji\\Company\\Vivriti\\AutomationProject\\files\\repo_update.json'&gt; 
 </msg>
<msg time="2025-05-29T00:41:30.276570" level="INFO">PATCH Response : url=https://api.github.com/repos/dbala-cloud/repo1 
 status=401, reason=Unauthorized 
 headers={'Date': 'Wed, 28 May 2025 19:11:30 GMT', 'Content-Type': 'application/json; charset=utf-8', 'Content-Length': '95', 'X-GitHub-Media-Type': 'github.v3; format=json', 'X-RateLimit-Limit': '60', 'X-RateLimit-Remaining': '58', 'X-RateLimit-Reset': '1748463089', 'X-RateLimit-Used': '2', 'X-RateLimit-Resource': 'core', 'Access-Control-Expose-Headers': 'ETag, Link, Location, Retry-After, X-GitHub-OTP, X-RateLimit-Limit, X-RateLimit-Remaining, X-RateLimit-Used, X-RateLimit-Resource, X-RateLimit-Reset, X-OAuth-Scopes, X-Accepted-OAuth-Scopes, X-Poll-Interval, X-GitHub-Media-Type, X-GitHub-SSO, X-GitHub-Request-Id, Deprecation, Sunset', 'Access-Control-Allow-Origin': '*', 'Strict-Transport-Security': 'max-age=31536000; includeSubdomains; preload', 'X-Frame-Options': 'deny', 'X-Content-Type-Options': 'nosniff', 'X-XSS-Protection': '0', 'Referrer-Policy': 'origin-when-cross-origin, strict-origin-when-cross-origin', 'Content-Security-Policy': "default-src 'none'", 'Vary': 'Accept-Encoding, Accept, X-Requested-With', 'Server': 'github.com', 'X-GitHub-Request-Id': 'F995:70382:171B89:1D05CB:68375FE1'} 
 body={"message":"Bad credentials","documentation_url":"https://docs.github.com/rest","status":"401"} 
 </msg>
<msg time="2025-05-29T00:41:30.276979" level="INFO">C:\Program Files\Python313\Lib\site-packages\urllib3\connectionpool.py:1097: InsecureRequestWarning: Unverified HTTPS request is being made to host 'api.github.com'. Adding certificate verification is strongly advised. See: https://urllib3.readthedocs.io/en/latest/advanced-usage.html#tls-warnings
  warnings.warn(</msg>
<msg time="2025-05-29T00:41:30.277179" level="INFO">${response} = &lt;Response [401]&gt;</msg>
<var>${response}</var>
<arg>alias=gitapibearer</arg>
<arg>url=/repos/${GIT_USERNAME}/repo1</arg>
<arg>data=${body}</arg>
<arg>expected_status=any</arg>
<doc>Sends a PATCH request on a previously created HTTP Session.</doc>
<status status="PASS" start="2025-05-29T00:41:30.021175" elapsed="0.256083"/>
</kw>
<kw name="Status Should Be" owner="RequestsLibrary">
<msg time="2025-05-29T00:41:30.277780" level="FAIL">Url: https://api.github.com/repos/dbala-cloud/repo1 Expected status: 401 != 200</msg>
<arg>200</arg>
<doc>Fails if response status code is different than the expected.</doc>
<status status="FAIL" start="2025-05-29T00:41:30.277479" elapsed="0.005419">Url: https://api.github.com/repos/dbala-cloud/repo1 Expected status: 401 != 200</status>
</kw>
<kw name="Log" owner="BuiltIn">
<arg>${response}</arg>
<doc>Logs the given message with the given level.</doc>
<status status="NOT RUN" start="2025-05-29T00:41:30.283155" elapsed="0.000106"/>
</kw>
<status status="FAIL" start="2025-05-29T00:41:30.016933" elapsed="0.266581">Url: https://api.github.com/repos/dbala-cloud/repo1 Expected status: 401 != 200</status>
</test>
<test id="s1-s1-t3" name="TC3 Update Git Details" line="21">
<kw name="Create Dictionary" owner="BuiltIn">
<msg time="2025-05-29T00:41:30.285097" level="INFO">&amp;{body} = { name=repo1 | private=True }</msg>
<var>&amp;{body}</var>
<arg>name=repo1</arg>
<arg>private=${True}</arg>
<doc>Creates and returns a dictionary based on the given ``items``.</doc>
<status status="PASS" start="2025-05-29T00:41:30.284569" elapsed="0.000645"/>
</kw>
<kw name="PATCH On Session" owner="RequestsLibrary">
<msg time="2025-05-29T00:41:30.544186" level="INFO">PATCH Request : url=https://api.github.com/repos/dbala-cloud/repo1 
 path_url=/repos/dbala-cloud/repo1 
 headers={'User-Agent': 'python-requests/2.32.3', 'Accept-Encoding': 'gzip, deflate', 'accept': 'application/vnd.github+json', 'Connection': 'keep-alive', 'Authorization': 'Bearer llllllllllllljk', 'Content-Length': '34', 'Content-Type': 'application/json'} 
 body=b'{"name": "repo1", "private": true}' 
 </msg>
<msg time="2025-05-29T00:41:30.544490" level="INFO">PATCH Response : url=https://api.github.com/repos/dbala-cloud/repo1 
 status=401, reason=Unauthorized 
 headers={'Date': 'Wed, 28 May 2025 19:11:30 GMT', 'Content-Type': 'application/json; charset=utf-8', 'Content-Length': '95', 'X-GitHub-Media-Type': 'github.v3; format=json', 'X-RateLimit-Limit': '60', 'X-RateLimit-Remaining': '57', 'X-RateLimit-Reset': '1748463089', 'X-RateLimit-Used': '3', 'X-RateLimit-Resource': 'core', 'Access-Control-Expose-Headers': 'ETag, Link, Location, Retry-After, X-GitHub-OTP, X-RateLimit-Limit, X-RateLimit-Remaining, X-RateLimit-Used, X-RateLimit-Resource, X-RateLimit-Reset, X-OAuth-Scopes, X-Accepted-OAuth-Scopes, X-Poll-Interval, X-GitHub-Media-Type, X-GitHub-SSO, X-GitHub-Request-Id, Deprecation, Sunset', 'Access-Control-Allow-Origin': '*', 'Strict-Transport-Security': 'max-age=31536000; includeSubdomains; preload', 'X-Frame-Options': 'deny', 'X-Content-Type-Options': 'nosniff', 'X-XSS-Protection': '0', 'Referrer-Policy': 'origin-when-cross-origin, strict-origin-when-cross-origin', 'Content-Security-Policy': "default-src 'none'", 'Vary': 'Accept-Encoding, Accept, X-Requested-With', 'Server': 'github.com', 'X-GitHub-Request-Id': 'F995:70382:171B9C:1D05E4:68375FE2'} 
 body={"message":"Bad credentials","documentation_url":"https://docs.github.com/rest","status":"401"} 
 </msg>
<msg time="2025-05-29T00:41:30.544670" level="INFO">C:\Program Files\Python313\Lib\site-packages\urllib3\connectionpool.py:1097: InsecureRequestWarning: Unverified HTTPS request is being made to host 'api.github.com'. Adding certificate verification is strongly advised. See: https://urllib3.readthedocs.io/en/latest/advanced-usage.html#tls-warnings
  warnings.warn(</msg>
<msg time="2025-05-29T00:41:30.544980" level="INFO">${response} = &lt;Response [401]&gt;</msg>
<var>${response}</var>
<arg>alias=gitapibearer</arg>
<arg>url=repos/${GIT_USERNAME}/repo1</arg>
<arg>json=${body}</arg>
<arg>expected_status=any</arg>
<doc>Sends a PATCH request on a previously created HTTP Session.</doc>
<status status="PASS" start="2025-05-29T00:41:30.285387" elapsed="0.259684"/>
</kw>
<kw name="Status Should Be" owner="RequestsLibrary">
<msg time="2025-05-29T00:41:30.545566" level="FAIL">Url: https://api.github.com/repos/dbala-cloud/repo1 Expected status: 401 != 200</msg>
<arg>200</arg>
<doc>Fails if response status code is different than the expected.</doc>
<status status="FAIL" start="2025-05-29T00:41:30.545267" elapsed="0.002005">Url: https://api.github.com/repos/dbala-cloud/repo1 Expected status: 401 != 200</status>
</kw>
<kw name="Log" owner="BuiltIn">
<arg>${response}</arg>
<doc>Logs the given message with the given level.</doc>
<status status="NOT RUN" start="2025-05-29T00:41:30.548089" elapsed="0.000346"/>
</kw>
<status status="FAIL" start="2025-05-29T00:41:30.284149" elapsed="0.266146">Url: https://api.github.com/repos/dbala-cloud/repo1 Expected status: 401 != 200</status>
</test>
<status status="FAIL" start="2025-05-29T00:41:29.624194" elapsed="0.928742"/>
</suite>
<kw name="Delete All Sessions" owner="RequestsLibrary" type="TEARDOWN">
<msg time="2025-05-29T00:41:30.554383" level="INFO">Deleting All Sessions</msg>
<doc>Removes all the session objects</doc>
<status status="PASS" start="2025-05-29T00:41:30.554034" elapsed="0.000600"/>
</kw>
<status status="FAIL" start="2025-05-29T00:41:28.992335" elapsed="1.562396"/>
</suite>
<statistics>
<total>
<stat pass="0" fail="3" skip="0">All Tests</stat>
</total>
<tag>
</tag>
<suite>
<stat name="Git Api Suite" id="s1" pass="0" fail="3" skip="0">Git Api Suite</stat>
<stat name="Demo2 Git Api Suite" id="s1-s1" pass="0" fail="3" skip="0">Git Api Suite.Demo2 Git Api Suite</stat>
</suite>
</statistics>
<errors>
</errors>
</robot>
