<?xml version="1.0" encoding="UTF-8"?>
<robot generator="Robot 7.2.2 (Python 3.13.3 on win32)" generated="2025-05-23T12:05:24.498392" rpa="false" schemaversion="5">
<suite id="s1" name="Demo4 Frame Suite" source="D:\Balaji\Company\Vivriti\AutomationProject\robot_selenium_suite\demo4_frame_suite.robot">
<test id="s1-t1" name="TC1" line="5">
<kw name="Open Browser" owner="SeleniumLibrary">
<msg time="2025-05-23T12:05:25.132720" level="INFO">Opening browser 'chrome' to base url 'None'.</msg>
<arg>browser=chrome</arg>
<doc>Opens a new browser instance to the optional ``url``.</doc>
<status status="PASS" start="2025-05-23T12:05:25.132016" elapsed="1.840573"/>
</kw>
<kw name="Maximize Browser Window" owner="SeleniumLibrary">
<doc>Maximizes current browser window.</doc>
<status status="PASS" start="2025-05-23T12:05:26.973286" elapsed="0.132470"/>
</kw>
<kw name="Set Selenium Implicit Wait" owner="SeleniumLibrary">
<arg>10s</arg>
<doc>Sets the implicit wait value used by Selenium.</doc>
<status status="PASS" start="2025-05-23T12:05:27.107749" elapsed="0.018684"/>
</kw>
<kw name="Go To" owner="SeleniumLibrary">
<msg time="2025-05-23T12:05:27.130791" level="INFO">Opening url 'https://netbanking.hdfcbank.com/netbanking/'</msg>
<arg>url=https://netbanking.hdfcbank.com/netbanking/</arg>
<doc>Navigates the current browser window to the provided ``url``.</doc>
<status status="PASS" start="2025-05-23T12:05:27.128853" elapsed="2.997377"/>
</kw>
<kw name="Input Text" owner="SeleniumLibrary">
<msg time="2025-05-23T12:05:30.134104" level="INFO">Typing text 'john123' into text field 'name=fldLoginUserId'.</msg>
<msg time="2025-05-23T12:05:40.429415" level="INFO" html="true">&lt;/td&gt;&lt;/tr&gt;&lt;tr&gt;&lt;td colspan="3"&gt;&lt;a href="selenium-screenshot-10.png"&gt;&lt;img src="selenium-screenshot-10.png" width="800px"&gt;&lt;/a&gt;</msg>
<msg time="2025-05-23T12:05:40.429748" level="FAIL">Element with locator 'name=fldLoginUserId' not found.</msg>
<arg>name=fldLoginUserId</arg>
<arg>john123</arg>
<doc>Types the given ``text`` into the text field identified by ``locator``.</doc>
<status status="FAIL" start="2025-05-23T12:05:30.126694" elapsed="10.349712">Element with locator 'name=fldLoginUserId' not found.</status>
</kw>
<status status="FAIL" start="2025-05-23T12:05:25.129275" elapsed="15.347494">Element with locator 'name=fldLoginUserId' not found.</status>
</test>
<status status="FAIL" start="2025-05-23T12:05:24.530927" elapsed="15.946746"/>
</suite>
<statistics>
<total>
<stat pass="0" fail="1" skip="0">All Tests</stat>
</total>
<tag>
</tag>
<suite>
<stat name="Demo4 Frame Suite" id="s1" pass="0" fail="1" skip="0">Demo4 Frame Suite</stat>
</suite>
</statistics>
<errors>
</errors>
</robot>
