<?xml version="1.0" encoding="UTF-8"?>
<robot generator="Robot 7.2.2 (Python 3.13.3 on win32)" generated="2025-05-28T23:46:32.889013" rpa="false" schemaversion="5">
<suite id="s1" name="Upload Suite" source="D:\Balaji\Company\Vivriti\AutomationProject\robot_demo_api\1__upload_suite.robot">
<kw name="Create Session" owner="RequestsLibrary" type="SETUP">
<msg time="2025-05-28T23:46:33.460353" level="INFO">Creating Session using : alias=petstore, url=https://petstore.swagger.io/v2, headers={},                     cookies={}, auth=None, timeout=None, proxies=None, verify=False,                     debug=0 </msg>
<arg>alias=petstore</arg>
<arg>url=https://petstore.swagger.io/v2</arg>
<doc>Create Session: create a HTTP session to a server</doc>
<status status="PASS" start="2025-05-28T23:46:33.460066" elapsed="0.002120"/>
</kw>
<test id="s1-t1" name="TC2 Multi Image Upload Dictionary" line="17">
<kw name="Create Dictionary" owner="BuiltIn">
<msg time="2025-05-28T23:46:33.463659" level="INFO">&amp;{payload} = { additionalMetadata=image/jpg }</msg>
<var>&amp;{payload}</var>
<arg>additionalMetadata=image/jpg</arg>
<doc>Creates and returns a dictionary based on the given ``items``.</doc>
<status status="PASS" start="2025-05-28T23:46:33.463091" elapsed="0.000675"/>
</kw>
<kw name="Get File For Streaming Upload" owner="RequestsLibrary">
<msg time="2025-05-28T23:46:33.464487" level="INFO">${image_file1} = &lt;_io.BufferedReader name='D:\\Balaji\\Company\\Vivriti\\AutomationProject\\files\\demo.jpg'&gt;</msg>
<var>${image_file1}</var>
<arg>${EXECDIR}${/}files${/}demo.jpg</arg>
<doc>Opens and returns a file descriptor of a specified file to be passed as ``data`` parameter
to other requests keywords.</doc>
<status status="PASS" start="2025-05-28T23:46:33.463943" elapsed="0.000651"/>
</kw>
<kw name="Get File For Streaming Upload" owner="RequestsLibrary">
<msg time="2025-05-28T23:46:33.465315" level="INFO">${image_file2} = &lt;_io.BufferedReader name='D:\\Balaji\\Company\\Vivriti\\AutomationProject\\files\\demo.jpg'&gt;</msg>
<var>${image_file2}</var>
<arg>${EXECDIR}${/}files${/}demo.jpg</arg>
<doc>Opens and returns a file descriptor of a specified file to be passed as ``data`` parameter
to other requests keywords.</doc>
<status status="PASS" start="2025-05-28T23:46:33.464766" elapsed="0.000649"/>
</kw>
<kw name="Create Dictionary" owner="BuiltIn">
<msg time="2025-05-28T23:46:33.466018" level="INFO">${files} = {'randombytes1': &lt;_io.BufferedReader name='D:\\Balaji\\Company\\Vivriti\\AutomationProject\\files\\demo.jpg'&gt;, 'randombytes2': &lt;_io.BufferedReader name='D:\\Balaji\\Company\\Vivriti\\AutomationProject...</msg>
<var>${files}</var>
<arg>randombytes1=${image_file1}</arg>
<arg>randombytes2=${image_file2}</arg>
<doc>Creates and returns a dictionary based on the given ``items``.</doc>
<status status="PASS" start="2025-05-28T23:46:33.465611" elapsed="0.000489"/>
</kw>
<kw name="POST On Session" owner="RequestsLibrary">
<msg time="2025-05-28T23:46:36.745321" level="INFO">POST Request : url=https://petstore.swagger.io/v2/pet/5/uploadImage 
 path_url=/v2/pet/5/uploadImage 
 headers={'User-Agent': 'python-requests/2.32.3', 'Accept-Encoding': 'gzip, deflate', 'Accept': '*/*', 'Connection': 'keep-alive', 'Content-Length': '595992', 'Content-Type': 'multipart/form-data; boundary=133364f759ba3066407c1dfc88fce8e8'} 
 body=b'--133364f759ba3066407c1dfc88fce8e8\r\nContent-Disposition: form-data; name="additionalMetadata"\r\n\r\nimage/jpg\r\n--133364f759ba3066407c1dfc88fce8e8\r\nContent-Disposition: form-data; name="randombytes1"; filename="demo.jpg"\r\n\r\n\x89PNG\r\n\x1a\n\x00\x00\x00\rIHDR\x00\x00\x07\x7f\x00\x00\x047\x08\x06\x00\x00\x00\xf8\xc2\xa4\x82\x00\x00\x00\x01sRGB\x00\xae\xce\x1c\xe9\x00\x00\x00\x04gAMA\x00\x00\xb1\x8f\x0b\xfca\x05\x00\x00\x00\tpHYs\x00\x00\x0e\xc3\x00\x00\x0e\xc3\x01\xc7o\xa8d\x00\x00\xff\xa5IDATx^\xec\xddw|\x14\xe5\xd6\xc0\xf1\xdf\xcc\xee\xa6\xf7\xd0Kh\xa2 \xd2\x9b\x14)\x8a\x88\x02\n\x02\x16\x04D\xc5\xd7\x8b\xa8\x88\x82 \xa0\x88\x1dA\x10\x15\xcb\xbd\xa04\x1b\x88\xa0 "*"\nH\xefM\xa4\x13ZHB\x12R6\xbb;\xf3\xfe\xb1\xd9ew\xb2\t\xe9\tp\xbe\xf7\xb3\x9fk\xe6yvvfgvwx\xce\x9c\xe7(\xbbN8t\x84\x10B\x08!\x84\x10B\x08!\x84\x10B\x08!\x84\x10B\\\xd1T\xe3\x02!\x84\x10B\x08!\x84\x10B\x08!\x84\x10B\x08!\x84\x10W\x1e\t\xfe\n!\x84\x10B\x08!\x84\x10B\x08!\x84\x10B\x08!\xc4U@\x82\xbfB\x08!\x84\x10B\x08!\x84\x10B\x08!\x84\x10B\x08q\x15\x90\xe0\xaf\x10B\x08!\x84\x10B\x08!\x84\x10B\x08!\x84\x10B\\\x05$\xf8+\x84\x10B\x08!\x84\x10B\x08!\x84\x10B\x08!\x84\x10W\x01\t\xfe\n!\x84\x10B\x08!\x84\x10B\x08!\x84\x10B\x08!\xc4U@\x82\xbfB\x08!\x84\x10B\x08!\x84\x10B\x08!\x84\x10B\x08q\x15\x90\xe0\xaf\x10B\x08!\x84\x10B\x08!\x84\x10B\x08!\x84\x10B\\\x05\x94]\'\x1c\xbaqaA\x05X\x14\xfc\xcd:~f\x15\x93\xaa\xa3(\xc6\x1ey\xa3\xeb\xe0\xd0\x142\xed\x1aV\xbbB\x86\xad\xc86Q\x08!\xc4\x15\xc6\xa4BH\x80B\x88\xbf\xf3w\xc6lr.S\x0b\xf8\x1b#\x84\x10W*M\x07\x87\x066\x07d\xd8tR\xadp1C\xc7\xa1\x19{\n!\x84\xb8\xb6)\xce\x81\x15\xf5\xd2\x7f\xbb\xc6gt\x1d\x9c\x7f\xe8\xa0y\xfc\xb7\x10B\x08!\x84\x10\xe2\xaaQ\xe8\xe0\xaf\xa2B\x88\x1f\x04\xfb+\x05\x0e\xf6^\x8e\xaeC\xaaU\xe7b&amp;\xe82\xb8%\x84\x10\xd7\x04U\x81\x8a\xe1\nQ!\n\xc5\xf4\xf3"\x84\x10W&lt;\x1d\x88O\xd19\x97\xac\xa3\x15\xea\xaa^\x08!\x84\x10B\x08!\x84\x10B\\\r\n\x15\xfc\r\xf2\x83\xb0\xc0\xe2\x0b\xfa\x1a\xe9:$\xa7\xeb\xa4e\x1a[\x84\x10B\\M\xc2\x02\x15\xaaF*\x98\xa48\x81\x10B\xe4\x89\xdd\x01\xb1\x89:)\x19\x05\xbe\xb4\x17B\x08q\xa5*\xca\xe4\xdd\xa2\\\x97\x10B\x08!\x84\x10\xa2T\x14xX=&lt;\x10\xc2\x83J.\xf0K\xd6lD\xe1A\n\xe1\x81\xc6\x16!\x84\x10W\x8b\xf2\xa1\n1\xd1\x12\xf8\x15B\x88\xfc0\x9b\xa0F9\x85r\xa1%xq.\x84\x10\xa2l(\xca`mQ\xaeK\x08!\x84\x10B\x08Q*\n4\xb4\x1e\x19\x04A\xfe\xa57\xb0\x14\xe4\xaf\x10\x19d\\*\x84\x10\xe2JW%B\xa1bx\xe9\xfd\xbe\x08!\xc4\x95\xaeR\xb8B\xe5\x08\xf9\x1e\x15B\x08!\x84\x10B\x08!\x84\xb8V\xe5;\xf8\x1b\x1e\x08\x01~\xa5?\xa0\x14\xe0\'\x19\xc0B\x08q5)\x17\xea\xac\xef+\x84\x10\xa2p\xa2C\x14\xa2\xe5\xfbT\x08!\xaeN\x8aBI~\xc3+dM\xc3&amp;\x84\x10B\x08!\x84\xb8b\xe4+\xf8\x1b\xe4W\xba\x19\xbfFA\xfe\nA~\xc6\xa5B\x08!\xae4!\x01\n\x95$\xe3W\x08!\x8aL\xe5\x08\x85\xe02t\xdd.\x84\x10\xa2\x08(\n\xe8z\x89\xce\xcc\xac\x03\xe8\xba\x04\x80\x85\x10B\x08!\x84\xb8\x82\xe49\xf8\xab\xa8\x10\x16X\xf6.\xf6\xc3\x02\x15\x94&lt;\xef\x85\x10B\x88\xb2FQ\xa0zT\xd9\xfb}\x11B\x88+]\xf5(E\xc6\xea\x85\x10\xe2*\xa2\xe8%\x19\xf6\xf5V\x9a\xaf-\x84\x10B\x08!\x84\xc8\x9f&lt;\x87MC\xfc\xca\xe6\x8d\x9e\x8a\xe2\xdc6!\x84\x10W\xa6r!\n\xa6&lt;\xff\x1a\t!\x84\xc8+\xb3\xc99\x05\xb4\x10B\x88\xabCi\x86_K\xf3\xb5\x85\x10B\x08!\x84\x10\xf9\xa3\xec:\xe1\xc8\xd35|\xa5\xf0\xb2\x9b9\xa0\xebp&amp;)O\xbb\x91o7USq\x00\x1a`\xf1\xf8\x07\x8f\xee\xaa}\x03(\xe8d\xa0`\x05\xfc\xb3\xfa\x99p\xa0cB\xc9z\xae\x150\x01f 3\xeb\xff\xcd\xc0\xee\x93\x9a\xc7\xab\t!\xc4\xb5\xa7^e\x15\xb3\xc9\xb84\xff4MCUs\x8f"\xe7\xa5\x8f\x10B\\M\xec\x0e\xd8\x7f\xba\xe4\xae7\x15\x1d\xf4\xac\x8bd\x8bI\xc3b\xd1\xf1\xb7\xe8X\xb2\xbe\xe7m\x0e\xc8\xb4)d\xda\x14l\x0e\xe7\xf7\xb1\xe7s\x84\x10\xe2Zs\xfa\x82F\xc2E\x9d\xa8\x10\x85\xca\x11r\x9d*\x84\x10B\x08!\x84(\xbc&lt;\x05\x7f\x03,\n\x91\xc1\xc6\xa5eKb*d\xd8.\xbb+\xf9v\xd3o\xb3\xc9H\xb7\x92\x91f%D\xb3\xa3\x9944UG\xb7\x87\xa0\xe8\x19\xa8db\xceP\xd0\xda\xb7\xc5\xde\xa65\xe6\xd8\xd38vn\xc7\xbec\x1b\x96\xc8\n\x982M\xa8\x0e3\xe9\xe6x,*\x98U\x13\x17\xed\x16\xfcB\x02\xf1\x0f\tdw\xc7\x87\x8c/)\x84\x10\xd7\x8c@?\xa8S\xa1p\x83\\\xba\xae\xa3d\xdd\x9dt15\x95\xed\xdbwr!)\t\xd7\xcct\xaa\x02\xe1\xe1\xe14i\xd2\x88\x90`\xe7\x8f\x99\xe7s\x84\x10\xe2jw\xe8\x9cFz\xa6qi\xf1\t\xf0\xd3\x88\x0c\x86\x08?\x13&amp;\x8b\xef\xefZ\x87M\xe7B\xa6\xc3y\r\x9fY\xb8\xdf\x01!\x84\xb8\x92\xed9\xe9p\xffw\x83jEpG\xa4\x10B\x08!\x84\x10\xe2\x9a\x97\xa7\xe0ox \x04\xf9\xfb\x1e\xb8)+\xd2\xac:I\xe9\xc6\xa5\x85w\xd3=\x8dH9\x9bH\xca\xd9D\xa2,:\x0eU\xc3\xa1\xe8\xe8\x99\xe1(\xf6LTU\'\xc0n\xc24n$\xbc0\x0ce\xdd&amp;Rg\xce\xe3\xe2\xa2y\x84\x84U\xc5b3a\xd1,\xa4\xe9\'\xb0\xa8:\x16\x93Jb\x9a\x89\xc0\x1a\x95\x08\xacY\x81\xdd\xf3\xd6\x1a_R\x08!\xae\x19\x15\xc3\x15\xca\x87\x16\xfc\xf7\xc5\x15\xc4MJN\xe2\xdb\xef~\xe0\xf0\x91\xa3\xc4\xc6\x9e\xc2\xdf?\x00\x93\xd9\x84\x82\x82\xc3a\'33\x93\x8a\x15+p]\x9d\xda\xf4\xbd\xf7n\xc2\xc3\xc2%\x00,\x84\xb8f\xc4\xa5\xe8\x9c-\xa6Yr&lt;\xa9\nD\x86:\xa8\x14hB\xb1\xa8\x9c\xca8\xcf\xcf\xf1\x1b\xd8z\xf1\x1f\xe2l\x17\x00(o\x89\xa0y\xe8\rt\x8dnE\x15\xffr\xe8v\x9d3iv\x12RTtI\xff\x15B\\\x83.\x1b\xfcU\xca\xe0\x9c\xcbeq\x9b\x84\x10B\x08!\x84\x10ny\n\xfe\x96\x0fU1\x9b.\xdb\xadT\xd9\x1d\nq)E?\xa5\xddM\xcf&lt;\x84\xfd\xd49\x1c\xb1g\xf0w$aKO\xc6\x9e\x91B\x9aU\xc1O\xd1\xf1\xf3W\xb0\xa7\xeb\x98&amp;&lt;\x89e\xc2\x08L;\xf6\x929e&amp;\xe9_,E\t2\xe1H\xd7q\xe8*\x16\x7f;\x81Aa\xf8\x85F`M\xf5\xc3T\xa7\x06\xe6Z\xd5\xd8=\xe53\xe3K\n!\xc45\xa3Vy\x85\xe0\x02\xde\\\xe4\n\xde\xfe\xbda\x13\xf3\xbe\xf8\x9a\xf4\x8c\x0c\xccf\x8b\xab\x95\xd0\x90\x10P ==\x83\xf4\xf4t\x14EAQ\x14\x02\xfc\xfd\x19\xf8\xd0\x03\xdc\xdc\xba\xa5\x04\x80\x85\x10\xd7\x84\x8bV\x9d\xa3q\xc5{-oRt*GAD\xa0\x89s\xd6\x0b\xbcw\xe2Kf\x9f\xf9\x89s\x99\xe7\xd1t\rW\xfd\x18\x05PP\xa8\xe0W\x9e\xc1\x95\xba1\xa2z\x7f\xca\xfbGp!\xcd\xce\xe9\x0b*\x8e\xa2\xbf\x9c\x17B\x882\xed\xb2\xc1_!\x84\x10B\x08!\x84\xc8\xa7&lt;\x05\x7f\xcbr\xbd_\x97\xe2\xaa\xfb{\xd3\xff\xf5\xc1\x16\x1b\x87\xed\xf49\x02\xcc\x0e\xf4j\x15\xd1\xabW\xc2f\x03\xd5\x0c\xaa\xc5\x84\x16\x97\n\x8f\xf6\x83\x01\xbd\xd0\x8e\x1cG\xfdn%,_\x8d=\xc2\x0f\xec\n\x8aC\xc1d\xb1\xa1\xc5\x9e\xc1q\xea,\xa4\x9b\xf0\xab\x19\x83_\xad\xea\xec~o\x8e\xf1%\x85\x10\xe2\x9aQ\xb7\x92\x8a\xbf\xd9\xb8\xf4\xf24MGU\x15V\xfc\xfc\x0b\x0b\x16-A\xd3u\xcc&amp;\x131\xd5\xab\xd1\xbcYS\xaaT\xaeD\xf9\xf2\xe50\xa9*_/X\xc4\x9e}\xfb\xd1u\x1d]\xd7\xd1t\x1dUQ\xb8\xafO/\xba\xddq\xbb{]B\x08q\xb5\xb2\xda\xe1\xe0\x99\xe2\x8b\xaa*\nT\x8ep\x10\x15la\xeb\x85\x03&lt;r\xe0Uv_\xfc\x87`K8&amp;\xc5\xe4\x0c\xf8*\n::\x8a\xae\xa0\xe9:V=\x13\xab=\x99F!\xf5\xf8\xec\x86\x97i\x1aq\x03\x17\xd2\x1c\x9cL +D,\x84\x10\xd7\x86\x92\x08\xfe&amp;]\x88g\xc3\x9a\x15\x00\xdc\xdc\xf1N\xc2\xc2\xa3\x8c]\x84\x10B\x08!\x84\xb8\xac\xb3\xa7O2o\xe6t~\xfby\t\'\x8f\x1d\xf6j\x0b\x0b\x8f \xa6\xe6ut\xb9\xf3^\x1e\x1b6\xda\xab\xedj\xd3\xb0\xba\x89*\xd5j0\xf7\xbb5T\xac\\\xcd\xd8\x9c\xcd\xd9\xd3\'\x19to\x07N\x9d&lt;\xc6\xae\x13\x97\xae\xff\x8bS\x9e\x82\xbf\x95#\xae\x8c\x01\x98\xd3\x17.\xbb+\xf9v\xd3#\xf7`=\x1dG\xe6\xd9x\x02\x82\x831\xdd\xde\t\xb5KGph\xe8~f4\xb3\n\xa7\xd3p\xb4n\x8a\xad\xe9\xf5X\x13\x93\t\xdaw\x88\x80\xdd\x07\xc9\x08\x05\x8b\xa2bB\x01=\x93\x94_W\x91\xf2\xcbj\x02l:\x81\xd5\xab\x12\x10\x13\xc3\x9e\xe9\x12\xfc\x15B\x14\xbf\xbcd\xb8\xe6\xa5OQ\xbb\xb1\xaaJ~\xe3\xae\xae\xed\xdc\xb8i+\xff\xfbl6\x0e\x87\xf3\x07\xf3\xde^=\xe9\xd4\xf1\x16w]_\xb2j\x00\xbf5\xe9]\xce\x9c=\xe7\x0e\xfe\x02\xa8\xaa\x8a\xaa\xaa&lt;\xfe\xe8`Z\xb5lV*\xfb.\x84\xb8v\xe5\xe5;\'/}\xf2J\xd3aol\xf1\x05\x7f#\x82\x1dT\x8b\xb4\xb0#\xe9_\xee\xd9=\x82\x93\xd6x,j\x00VG\x1a\xc1\x96`\x14\x14\xf4\xac \xb1\xae\xe9\xa8\xaa\x8a\x02\x980s\xc1\x9eH\x8c_\x05\xbeo8\x8dFau8\x99h\xe3B\xaa3`\\\xf4W\xf6B\x08\x91]^\xbeo\xf3\xd2\xa7\xa0J"\xf8{\xe2\xe8?L\x7f\xfdY\x00\x9e}i:\xd5j\xd45v\x11B\x08!\x84\x10\xe2\xb2\xa6\xbc6\x8a9\xff\x9dj\\\x9cM\xe3f73\xff\xfb\xab\xb7\xe4\xe9\x1dmjs\xea\xe41\xaaT\xab\xc1\xbc\xc5\x7fR\xa1RUc\x17\xb7sgb\x19\xd8\xfb\x16w\xff\x9f\xd7{\x07\xcd\x8b\x8bj\\ \xbc\xe9~\xa9h~\x17q\x04\xa5\xa1E\x06\xa0\xb7\xaa\x07\xbd\xba\x91t\xf7-d\xf4\xec\x84zgg\x94G\xee\xc6\xd4\xa06\xfe6\r%"\x04\xbdU\x03\x18\xd4\x1dK\xcf\x8e8\xee\xe9LF\xcf\xce\xe8}\xeeD\xbb\xe9\x064]\x81@+\xa8I(\xdaY\xe3\xcb\x89\x12\xb0p\xcet\xdez\xf1Q\xe3bQ\xc4\x8e\x1c\xdc\xcd\xc8!wq\xe4\xe0ncS\xa9\xdb\xf2\xf7*F\x0e\xb9\x8b\x0b\tq\xc6\xa6\xabRjJ\x12\x1f\xbc\xf9\x1c\xc7\x8f\x1c06\xb9\x1d?r\x80\x0f\xde|\x8e\x8b)I\xc6\xa6b\x95\xdf\xc0/Y\xd9cI\xc9\xc9|&gt;w&gt;\x0e\x87\x03\x93j\xe2?\xff\xf7(=\xee\xeaFHp0v\xbb\x9d\x8b\xa9\xa9\xfc\xb0t9S\xdf\xfb\x90\xd8S\xa7\xb1\xdb\xedh\x9a\x86\xa6i\xe8\xba\x8e\xc3\xe1\xc0n\xb7\xf3\xf9\xdc\xf9$%\'\x17\xdb`^Q\xaaY\xb3&amp;\x1f\x7f\xfc\xb1q\xb1\x10Ej\xfc\xf8\xf1t\xe8\xd0\xc1\xb8X\x14\xa1\x84\x84\x04z\xf5\xea\xc5\x8e\x1d;\x8cMn;v\xec\xa0W\xaf^$$$\x18\x9b\n\xa4 \xdf\xb5ye6kT\n7\x93\xa1\xd9x\xf2\xe0$\x8eg\xc4\x11`\x0e\xa0e\xd8\r\x0c\xa9\xda\x0b?\xc5\x8c\x86s\xc6\x05t\xe7\xcd7\xaeY\x18l\xd8\x88\xb6Ds\xdcz\x96\xa7\x0fM!C\xb7Q)\xdc\x82\xc9\xa4\x95j\xe0\xf7\xad\x17\x1fe\xe1\x9c\xe9\xc6\xc5B\x88\xabPY\xbeN\xbe2fA\xb8\x12\xb6Q\x08!\x84\x10B\x14\x95\x91/Mf\xd7\t\x87\xcf\xc7\x96Ci\xcc^\xb4\x9a\x1bnl\xcc\x8e\xad\x7f3k\xc6$\xe3\xd3\xaf\x1a\xf3\x16\xffI\x95j58u\xf2\x18\x03{\xdf\xc2\xb93\xb1\xc6.\xe0#\xf0;o\xf1\x9f\xc6.\xc5F\x82\xbf\x97\xa1\xa8~\x98\x1c\n\xe6\x0c\x1b&amp;\x9b\t\x87)\x00\xab\x7f J@(\xaa_\x08\x8a)\x08G@ \x8a\xc5\x8c\x19\x95`]\xc5b\xf1C\x0b\x0cF\xf5\x0fG\xf5\x0f\x85\x80\x00\xf0\x0f! \xd3\x8f\xb0$\x95\xa0L\x15\xb3\xae\xa2\xb9kS\xe6\xcf\xe5\x02W\xbe\xda\x17\xce\x99\xce\xc8!w\xf9|\xe4\xe4\xad\x17\x1f\xcd\xd6w\xe4\x90\xbb|\x0e\x86]H\x88\xcb\xd6o\xe4\x90\xbb\xf8u\xd9\xd7\xc6\xaen\x05y\xce\x95(\xa7\xf7\xbe,\x06EKCN\xefOis}\x8e\xb6\xfc\xbd\xca\xd8tE\xd1u\x9dY\xef\xbf\xc2\xf1#\x07x\xff\x8d\x11&gt;\x07\xb6&lt;\xdb&gt;\xfb`\xa2\xb1\xb9Lqh\xce\xcc\xb5\xef\x96,\xc5j\xb5\xa2\xaa*\xf7\xdc}\x17\xadZ4w\x07w\xcdf3+\x7f\xf9\x8d\x1f\x7f\xfe\x85\xc3G\x8e\xa2(\n\xaa\xea\xfc\xb9\xf3\x0c\xf2\xea\xbaN\xa6-\x93\xef\x16/\xf5Zw~\x8c\x1f?\x9e\x9a5k\x1a\x17\x03\xb0e\xcb\x16j\xd6\xac\xc9\xd2\xa5\xce\xf5{:}\xfa\xb4\x04s\x8b\x89\xeb\xbd\xf5\xf5\xbe\x93C\xfb\xd2\xa5K\xa9Y\xb3\xa6\xcf\xc7\x96-[\xbc\x9e\xef\xd2\xa1C\x87l}k\xd6\xac\xc9\xf8\xf1\xe3\x8d]\xdd\xafi|\\\xee\xf8\xfbz\x8dA\x83\x06\x19\xbb\x95\t\xae\xf70\xb7\xc0qQ\x07\x96=\x8f[\xfd\xfa\xf5i\xd6\xac\x19m\xdb\xb6e\xcf\x9e=\xc6\xaee\x86\xae\xeb&lt;\xf2\xc8#\xec\xd8\xb1\x83{\xee\xb9\xc7g\x00\xd8\xb3\xed\xb1\xc7\x1e36\x979a\x01:fU\xe1\xb3\xd8\x1f\xf8;i;\x01\xe6@n\x0c\xaa\xc5\xd2\xc6\xef\xf2\xdfzc\xe8\x19\xdd\x8et[2fL\xee\xd9\x17\x14Uq\xffw\x86\xc3J\xb8%\x92?\xe37\xf2\xf9\xc9\xa5\x98U\x88\x082\xbcH\x1e\xb9\xae)|q\xdd\x94\xe6\xebw\xdduMZV\xafA]\xdb\xf7\xe9\xbbc\x8dMB\x88B(\xf3\xd7\xc9Y\xdf\x93e\xda\x95\xb0\x8dB\x08!\x84\x10\xa2\xd0\xde\x18\xf7\x14\xad\xebE\xd0\xb0\xba\xc9\xe7\xa3u\xbd\x08&amp;O|\x9e\xe6\xadn\xe1\xc5\xd7\x9c\xf1\xa3_\x7f\xfa\xce\xb8\x9a\xabF\x85JU/\x1b\x00\xf6\x15\xf8\xcd-C\xb8\xa8\x15{\xf0w\xdb\xd6M&lt;\xf3\xe4\xa3dZ\xad\xc6&amp;\xb7L\xab\x95g\x9e|\x94m[7\x19\x9bJ\x9dn\nDu\xa8\x98\xad\x0eL6\x15M3a\xd5A\xc5\x8c\x9e\xa9\x92\x99\xa6s!\xc3FJ\xba\x8d\x8c\x0c;\xfaE\x1b\x19\x17\xed$\xa7e\xe2\xb0\xf9\xa1k&amp;\xd0\x14tM\xc5?M%\xec\xa2\x89\x00\x9b\x8a\t3\x9a\xd9\xdf\xf8r\xc5*\xba|%\xa6\xcc\\\xee\xf5\xe8\xd6kP\xae\x83I\xado\xb9#\xdbs\xfa=&lt;\xdc\xab\xcf\xa7\xef\x8e\xe5\xf5\x17\x1ef\xd8\xe8w\xbc\xfa=8d\xa4W\xbf\x9c&lt;8d\xa4\xfb9\xe3\xdf\x99\xc3\x8a%s\xcb\xec\xe0[A\x19\xdf\xfbn\xbd\x061c\xd2\x0b&gt;\x07 \xafE\xc6\xf7\xa7\xf5-w\xe48x{\xad\xd0\xb2\xa62.,EQ\xe8\xd5\xff?\xee\xbf]\x03\\.\xc7\x8f\x1c`\xd6\xfb\xaf\xb8\xff\xee\xf5\xc0\xff\xb9\xff\xbb,R\x15\x85\xa4\xe4$\xf6\xed?\x80\xc5\xe2G\x8d\x98\xeat\xedr\x1b\x9a\xa6\xb9\x83\xbc\xa9i\xa9\xec\xd8\xb9\x1bM\xd3P\xb3\x02\x0c^S\xf5\xb9\xfeOQ@W\xd8\xb3w\x1fI\xc9I\xce\xac\xb4|j\xdd\xba5d\x05z\x8d6n\xdc\x08\xc0\xc2\x85\x0b\x8dMl\xde\xbc\x19\x80V\xadZ\x19\x9b\xae)\x1f\x7f\xfcq\x91\x06\x03\x0bk\xfd\xfa\xf5\x1c=z\xd4\xfdX\xb4h\x11}\xfa\xf4\xa1f\x0e\x01\xfe\x01\x03\x06x\xf5?z\xf4(\xaf\xbf\xfe\xbaW\x9fA\x83\x06\xd1\xa6M\x1b\x16-Z\xe4\xd5\xef\x83\x0f&gt;\xf0\xea\x97\x13_\xafQV\x03\xc0\x00\xc7\x8f\x1f\xbflP;\xbf\\7R\x9c&gt;}\xda\xd8\x04Y\xc7m\xdf\xbe}l\xdd\xba\x95W_}\x95g\x9ey\x86}\xfb\xf6\x19\xbb\x95\t\x8a\xa2\xf0\xea\xab\xaf\xba\xff~\xf4\xd1G\xbd\x02\xc0;v\xec\xe0\x91G\x1eq\xff\xfd\xf2\xcb/\xbb\xff\xbb,R\x14\x8dp\x7f\x15\r\x8dYg\x96a1\x05\x92\xa9[y\xb8\xf2]\x84\x9b\x82\xd0\xd0x\xbc\xca=\x04\x99B\xc8\xd431\xa9&amp;\xe7\x0c\x0cYS?\xeb\x9a\x0e\x8a\x8e\x8e\x86\xd9\x14\xc8\xcc\xd3K\xd1\xd0\t\xf7W\x81\xfc\xdf\x90S\xfb\x86\x86\x90\x15\xe85:t\xc0\xb9l\xf3\xda_\x8dM\x1c\xfag\x17\x00un\xb8\xc9\xd8T$&gt;}w\xac\xcf\x9b\'\xf3j\xf3\xba\xdf\xa8[\xbf\t\x07\xf7m\xcf\xf1\xe6O!D\xfe\x95\xf9\xeb\xe4b\x1f\xad)\x02W\xc26\n!\x84\x10B\x88Byc\xdcS|=\xf7c\xd2RS\x8cMni\xa9)|=\xf7c\xde\x18\xf7\x14\r\x9b8\xc7;\x8f\x1f\xfd\xd7\xd8\xed\xaa\x92[\x00\xb8\xb4\x03\xbf\x14\xf7\xa5\xfa\xbf\x07\x0f\xf0\xd4\x13\x0f\xb3v\xcd\xef9\x06\x80\xad\x19\x19&lt;\xf3\xe4\xa3\xac]\xf3;O?1\x98\x7f\x0ff\xbf\xdb\xb64e\xa6\'\x91\x9c\x1eGBZ\x02\xe9$a\xc2A\x88\xa2\x13l2\xb1\xf7P&lt;\xb3\xbe\xdb\xc5m\xcf\xcc\xa1\xfd\xf3s\xe98\xfe+:\x8c]L\xd7\xe7\xbe\xa0\xef\x88\xf9\xac\xd9~\x96\xd8\xf8L\x14\x93\x05%\x03l\xd6T\xd29GJ\xfcQ\xd2\x92\xcf\x92i\xbdh|\xb9\x12\xd7\xa5\xc7\x03\x8c\x7fg\x0e\x07\xf7m/P\xc0u\xe1\x9c\xe9$\x9c?\xc3\x94\x99\xcb\xa9U\xd7{\xc0\xac\xf9\xcd\xb7\xd2\xa5\xc7\x03^\xcb.\'"\xaa&lt;\xado\xb9\x83MkW\x1a\x9b\xae*]z&lt;@\xeb[\xee`\xe5\xf7\xf3\x8dM\x02\xb8\xbdg\x7f\xc8\xca\xbe--\xcdo\xbe\x95)3\x97\xd3\xfc\xe6[\x8dM\xc5N\xd7u\xf4"\x9c\xf02\xa6\xd6\r&lt;3n\x1a\xc1\xa1\xe1\xa4\xa6$1k\xfa\x04\x8e\x1d\xde\xef\x1e\xd0JMI"8$\x8cg\xc6N%\xa6v=\xe3\xd3\xcb\x14EQ\xd8\xb5k\x1f\xe7\xe3\x13\xd0u\x8df\xcd\x9a\xe0\xe7gA\xf3\xc8\xda\xcd\xcc\xb4\xe1\xd044\x87\x03\xb3\xc9\xec\x9eb\xd4\x95e\xe6zku]G\xd3\x1c$\\Hd\xd7\xae\xbd\x05\x9a\xfa\xb9g\xcf\x9e\xe0\x11\xe8\xf5\xf4\xd5W_\x01\xb0f\xcd\x1ac\x13\x1b6l\x00\xa0y\xf3\xe6\xc6\xa6kJl\xac\xef)Q\xca\x8a\xe6\xcd\x9bs\xf4\xe8Qbbb\n\x14p\x1d?~\xbc;`k&lt;\xd6={\xf6d\xe8\xd0\xa1^\xcb\xf2b\xd4\xa8Q\xacY\xb3&amp;\xc7@hi\xeb\xd0\xa1\x03\x93&amp;M*\xd2\xed;u\xea\x94qQ\x8e\xbat\xe9B\xe5\xca\x95\xf9\xfd\xf7\xdf\x8dMeF\xe3\xc6\x8d\xf9\xfe\xfb\xef\x89\x8a\x8a"&gt;&gt;\x9eG\x1ey\x84\xed\xdb\xb7\xbb\x03\xbf\t\t\tDFF\xb2x\xf1b\x9a6mj|z\x99\xa2*\x0e\x02-*\xdbR\xfea_\xeaQ\x02\xd5\x00\x14M\'L\tB\xd3u\x14M\xa1nP\x0c\x95\xfc\xcb\x91\xa9\xd9\x9d\xb5\x7f\xb3n\xc6\xd1\xf5\xac\x000\xe0\xd05\x02L\x81\xecK?\xca\xf6\x94\x83\x04\x98\x15L\xa6\xfc\x07\x7f]\xbf\xd9\xae@\xaf\'\xd7\xb5\xe5\xc1}\xdb\x8dM\x1c&gt;\xe0\x0c\xfe\x1a\xafe\x8bJ\xc2\xf93\xc6E\xf9\xb2i\xedJZ\xb4\xebB\xdd\xfaM\xd8\xbc\xee7c\xb3\x10\xa2\x10\xca\xf6ur\xfe\xafMK\xde\x95\xb0\x8dB\x08!\x84\x10\xa20~X\xe4\x8ca|\xb5lC\xb6\xa9\x9e]\x8f\xaf\x969\xc7:\x7fX4\x1f??g\xd2cr\xd2\x05\xaf\xf5\\\x8d|\x05\x80wm\xdfX\xea\x81_\x8a;\xf8[\xb3V\x1dZ\xdf\xdc\x1e\x80M\x1b\xd6e\x0b\x00gZ\xad\x0c\x1f\xf6\x18\x9b6\xac\x03\xa0\xd5\xcd\xed\xa8Y\xab\x8e\xbb\xbd,0\xc7\xdcH@\xdd\x1b\tnP\x1bSLe\xd4\xe0@t]q\xd6\x9c\xd4m\xfc\xab\xa5\x11\x1b\x97\xc0\xf1\xd3\t\x1c\x8aM\xe0\xd0\x99\x04\xfe\x8d\x8d\xe7Pl\x1cg\xcd\x0e\x92T;6\xc5\x8e\xae:\xa0J$\xdcX\x17S\xd3z\x98\xeb\xd6\xc7R\xe9z\xe3\xcb\x95\x8a\x88\xa8\xf2t\xeb5\x88\x15K\xe6\x1a\x9bru\xe4\xe0n6\xfc\xf93\x0f&lt;\xfa\x9c\xb1\xa9P"\xa3+\x1a\x17]\x95"\xa3+\x12\x1fW\xb8\xc1\xc0\xabUDTy\xe3"QH1\xb5n\xe0\xb1g^q\x0el]Lf\xe6{/\xf3\xdf\xa9\xe3\xdd\x03Z\x8f&gt;=\xa1\x14\x06\xb4\n&amp;)9\t\x8b\xd9\x82\xaekT\xabR\x05\x00\xb3\xd9\xec\x0e\xde\x86\x85\x84\xf2\xd0\x03\xf7\xf1\x9f\xc7\x1fe\xd8\x7f\x1e\xa7O\xef\xbb\xf1\xf7\xf7GUU\x8f\x87\xb3\xaf\xa2\xaa\xf8Y\xfcI\xbcP\xf0\x1an\x1d:tp\x07z]N\x9f&gt;\xcd\xf1\xe3\xc7\x19=z4\xf8\xc8\x0c^\xb3f\r\x03\x06\x0c\xf0Z&amp;\xca\xaei\xd3\xa6\xb1f\xcd\x9al\xc717[\xb6la\xfe\xfc\xf9L\x9b6\xcd\xd8T(U\xb2\xce\xf9\xb2j\xd2$g=\x17\xd7\xb9_\x1a\xaaU\xabf\\T\xe64n\xdc\x98\xcf?\xff\x9c\xa8\xa8(\x12\x12\x12\x184h\x10\x03\x07\x0et\x07~?\xfb\xec\xb32\x1f\xf8\x05\xd0\x1cVT\xb3\xc2\x8e\xe4\x7f\xb1j\xe9\x98T\x13\x0e\xdd\xc1\xba\x94\xdd\xa8(\xa0\xc0\x9bG?\xe7PZ,Aj \x0e\xdd\x81\xa2(\xb8\xfe\xa7\xeb:\xaa\xe2\xfc\xe7\x88\x8a\x82\xd5\x91\xc1\xae\x8b\xff\xa2\x9a\x154G\xf6\x9bF\xf3\xa2n\xfd&amp;\xd9n"\xbc\x90\x10G|\xdc\x19\xba\xf5r\xde\xc4a\xcc\x0c\xfew\xff\x0eZ\xdfr\x87\xd7\xb2\xb2\xe2\xc8\xc1\xdd\xc4\xc7\x9d\xa1\xf9\xcd\xb7R\xe7\x86F\xd9\xf6M\x08Qxe\xf6:\xb9\x00S*\'\xc6\x9f\xe5\xd0\x81]\xd9\x1e\xb1\xc7\x0e\xb9\xfb\x9c&lt;v([\xfb\xa1\x03\xbbH\x8c?\xeb\xb5\xae&lt;)\xc06\n!\x84\x10B\x94e\xc6\xe9\x8c\xf3\xf3\xb8Z\xb92~oj\xdc\xc2\xd8\xe4\xe6j\xcb-;\xf8jU\xa1RU\xe6~\xb7\x86*\xd5jr\xea\xe41\xfa\xf7l\x93\x15\xf8\xad\xc9\xdc\xef\xd6\x94J\xe0\x97\xe2\x0e\xfe\x9a\xcdf\xa6L\xff\x84\xdb\xef\xe8\x0e\x1e\x01`\x9b\xcd\xe6\x9e\xea\xd9\x15\xf8\xbd\xfd\x8e\xeeL\x99\xfe\tf\xb3\xd9\xb0\x96\xd2e\xaa\xdd\x90\xc0\x1b\x9b\x10\xdc\xb4)\xe6\xba5QBC\xd0t\x1d]WHU\xed\x9c4YIJI%\xf9B*\xf1\x89\xa9\xc4\'\xa5\x12\x97\x98\xc2\xd9\xf8d\xe2\xfd\x1d\xa4\x9a\xb3\x82\xbf&amp;\x07\xc4\x94C\xbf\xf9F\xcc\xad\x9ba\xb9\xb1\x11\x96j\xf5\x8d/Wj\\\xd3\xdc\x19\x07\xc3r\xe3\x9a\x82\xae\xa8\xb3$\x0e\x1d\xd8IT\xb9J^\xcb\\\xf5Ws\xab\x99\xfb\xd6\x8b\x8f\xb2p\xcetwM7\xd7#/\xd9\xa3\x9f\xbe;\xb6L\xd4zsm\x87\xaf}t\xd5{\xdb\xf2\xf7*w?\xcf)\x04/\xf7\xfe\xf8z\x0f\x8dS\x07.\x9c3\x9d\xb7^|\x14\x0c\xeb\xf35U\xa1\xafZ\xbdE\xc5\xb5\xedQ\xd1\x15\xbc\x96\x1b\xebP\x1b\xa7+\xcf\xcf\xf6\x1b\xfd\xba\xeck\xafu\xba\xce#\xd7\xb6x\xbe\xff\xbf.\xfb\x9a\xb1O\xf6f\xc2\xb3\x0f\xf0\xfa\x0b\x0f\x93\x9c\x94`X\x1b\x1c\xf9w/\x0b\xe7Lg\xc9W\x9f\xb2|\xd1l\xb6\xfc\xbd\x8ac\x87\xf7\xb3n\xf5\x8f\xc6\xae\xd9(\x8a\xf3\x06\x93\xa2\xe6\x1a\xd8\n\x0c\n!=\xed"\x19\xe9\xa9\x04\x04\x06\xf3\xe83\xafP\xa3N\xd9\xf9&gt;\xba\x1cW]\xdf\xd0\xd0P\xc2\xc2B\xb1\xd9lX\xadVl6\x1b6\xbb\x1d\xd5\xa4R\xbf\xde\xf5\xb4l\xd1\x8c\xc6\x8d\x1b\xd2\xadk\x17*\x94/\x87\xd9\xe2\x97\xb5\x06\x05\x93\xc9BXh(A\x01\x01\xee\xcc\xe0\x82j\xd3\xa6\r\xc7\x8f\x1f\xf7\xcattM\xeb\xec\xca\xec\xf4\xcc\x0cv\x05\x86]SF\xbb\x18k\xbb\xe6\xd5\xa0A\x83\xbc\x9eg\xac9\xeb\xaaK\xecz\xf8\x9af\xb9C\x87\x0e\x8c\x1f?\x9e\x8f?\xfe\xd8\xe76\xe4\xb6~\x17\xe3v\xe4\x16(u\xd5\xc0\x9d?\x7f&gt;\xc7\x8f\x1f\xf7\xf9\x1c_urs\xaa\xe3[\xdc\\Y\xbb\xbe2\xbcs\xb2x\xf1b:t\xe8\x90-\xe3\xb7\xb0\\\xdbP\xb9re\xf72_\xef\x95q\xeae\xcfz\xbb\x9e\xfdr:\x9e\x9e\\\xc7\xd6\xb8\xce\x9c|\xf0\xc1\x07\xacY\xb3&amp;\xcf\xc7\xcbx\xdey\xbeN\x87\x0e\x1dx\xfa\xe9\xa7!\xeb\xb3fl\xf7e\xd3\xa6MT\xa8\xe0\xfd\xfb\xb1p\xe1B\xc6\x8c\x19\xc3\xc4\x89\x13\x994i\x12\xef\xbf\xff\xbeW{FF\x06\xabV\xad\xe2\xfc\xf9\xf3\x9c={\x96\xfd\xfb\xf7s\xec\xd81\xce\x9d;W\xa8\xef\x87\xdc\xb8\x02\xc0\xe1\xe1\xe1$\'\'\x93\x9c\x9cLhh(\x9f\x7f\xfe\xf9\x15\x11\xf8\x05\xd0\xb4L\x00\x92\x1c\x17\x01\x1dM\x81\x00s0\x8b\xe3~gW\xea!\x14E\xc1_\xf1C\xd13\xb0\xa8&amp;T\x14L\xaa\t\xbbf\x07E\xc7\xa2\x9a\x9d\xb31(\xb8\x83\xc0\x17l\xce\x99q\x1c\xf6\x0c\xaf\xd7\xca\xab:74"&gt;\xee\x8c\xd75\x8ekZg\xd7\x8c4\x9e\x99\xc1\xae\xc0\xb0k\xcahO\xc6kJ_\xd7\x89\xb9]\x9b\xb8\xae\xbd\xe2\xe3\xce\xb0\xe1\xcf\x9f\xdd}\\\\\xd7\x1e\xbe\x9e\xeb\xe2\xba\xde\x06h\xd1\xf66\xe2\xe3\xced\xbb\xc63^\xa3\xe4\xb6\xcd9]+yn\x97\x10\xd7\xa2\xb2x\x9d\\\x90\x7f\x0elZ\xfb+\x1fO\x1e\x9d\xed\xf1\xed\xbcK\xe5&amp;\xbe\x9d\xfb~\xb6\xf6\x8f\'\x8ff\x93\x8fi\xf1/\xa7 \xdb(\x84\x10B\x08!\xc4\xd5\xa6b\xe5jL\xfb\xef\x02\xfc\xfd\x03\x00\xf0\xf7\x0f`\xda\x7f\x17P\xb1r\xe9%(\x14k\xf0\x17@UU\xde\x9a\xf2\x01\xbd\xfb8\x07[6mX\xc7\xf3\xc3\x9f`\xc4\xd3\x8f\xbb\x03\xbf\xbd\xfb&gt;\xc8[S&gt;@U\x8b}s\xf2-\xf1\xc5\'\xb0N\x9d\x82y\xd6BL\x1f}JZ\x8f\xee\x9c\xd35\x94\xf4L\xa2St\xeaZ\x031\x13\x0eAQ\x98\xcbE\xa3\x84\x04\x10\x18\x18@\xa4\x9f?\x91\xb6X\xc23.\x12\x92\x19\x80\xcd\xec\x8f\xa9\xd7\xbd\x04\xcd\x9c\x89\xdf\x8c/\xc8\x9c\xf4\x0e\x89c\x87\x19_\xae\xd4\xb8\x02\xb8\t\xf1\xe7\x8cM9\xfaw\xff\x0e\xa2\xca\x15m\x96\xee\xaf\xcb\xbe\xe6\xe0\xbe\xed\xdc\xff\xc8\x08\xaf\xe5+\xbf\x9f\xef\xb3f\xae1x\xb9\xe1\xcf\x9fY\xf9\xc3\x97^\xfd\xbe\x9a9%\xdb \x99\xa7\x85s\xa6sp\xdfv\xc6\xbf3\'\xdf\xd3T\x17\xc6\xa1\x03;\xdd\x83yd\r\x1e\x02\xeem\x7fp\xc8HfLz!\xdb\xb6\xaf\xfc~&gt;-\xdauaJV\xfde\xd7\x80_\xb7^\x83\xbc\x9e\xebi\xe1\x9c\xe9|5s\n\xe3\xdf\x99\xe3\xf5\xde\xbc\xfe\xc2\xc3\xd9\x82\xe3\xf1qg\x189\xe4.w\xbfa\xa3\xdfa\xc3\x9f?{\r\x1e^H\x88#\xe1\xfcY\xafcR\xb7~\x13\xf7&gt;\x14\xd6\x8cI/\xd0\xfa\x96;\xbcn,\xd8\xf2\xf7*Z\xb6\xeb\xea\xf5\x9a\x07\xf7m\xcf\x16\xd8\xcd\xcb\xf6\x1bm\xf9{\x15+\x96\xcc\xe5\xc1!#y\xe2\xf97\x8d\xcd^\xbe\x9a9\x05\x807?Z\xcc\xc4\xf7\xbe\xa6V\xdd\x06|2\xf9E\xaf&gt;;6\xff\xc9\xba\xdf\x97\xd1\xb9[?z=\xf8\x04w\xf5\x19LTtE\x8e\xfe\xbb\xd7\xab_nT\xf5\xea\xbd[\xac\xb04MG\xd34\x92\x93Sxs\xd2\xbb&lt;\xf9\xcc\xf3&lt;\xf5\xec(\x9e|\xe6y\x86?7\x9a\x97\'\xbe\xc9\xecy_r\xec\xd8q\xc8\xfa\x1d\x1a&lt;\xf0!\xae\xbf\xae\x16\x15*\x94\xa7b\x85\xf24i\xdc\x90\x87\xfa\xdfOHH0\xaa\xaa\x16j\xe0\xcaU\xb7\xd7\x15\xf0%kZgW\xa0\xadC\x87\x0e\xac_\xbf\xde\xdd\xe6\xea\xd7\xa2\x85\xf3\x8e8W\xe0n\xf4\xe8\xd1\xee)\x82\x07\x0c\x18@\xcd&lt;\x04\x80]}&lt;\xeb\xc1z\xea\xd0\xa1\x03k\xd6\xac\xf1jw\x05\xd8\x8c\xd3\xf2\xce\x9f\xef\x9c\xc2\xc5\xd5/&amp;&amp;\x86\x0e\x1d:P\xb3fMw-\xdcE\x8b\x161\x7f\xfe\xfclA=\xd7\xbe\xba\x9e\xfb\xc1\x07\x1f\xd0\xa7O\x9f\x1c\x03\xc0\x95+Wv\xefgLLL\xb6\xa9\x91\x97.]J\x9b6m\xf8\xe0\x83\x0f\xdcm\x8b\x16-\xe2\xe9\xa7\x9f\xceS\xb0\xb28t\xe8\xd0!_\xd3T\xafY\xb3\x86\x98\x98\x18\xe3\xe2B\xd9\xb2e\x0b\x93&amp;M\xcaV/x\xc6\x8c\x19^5\x85\x17-Z\xc4\xa4I\x93\xb2\x1d\'W\xa0\xdd\xb3\xdf\xfc\xf9\xf3s\r\xa6\x8e\x1f?\x9e5k\xd6\xb0~\xfd\xfa&lt;OS\xdd\xb3gO\x06\x0c\x18\xe0\x0e\xda\xe6f\xfc\xf8\xf1L\x9a4\xc9\xbdM\xeb\xd7\xafg\xd2\xa4I\xeemZ\xb3f\x8d{\x7f]\xe7an\xdb1b\xc4\x08*W\xaeL\xdf\xbe}\xdd\xcb\x12\x13\x139\x7f\xfe&lt;o\xbf\xfd6\x13&amp;L`\xf4\xe8\xd1\xd4\xa8Q\x83\xaf\xbf\xce\xfe\xbbp\xf0\xe0A\x00\xea\xd5\xabG\x8d\x1a5\xf0\xf3\xf3\xe3\xe2\xc5\xd2/\xd3QVi\x9a\xb3H\x81E1\x83\xae\xa0;\x1c\x04\xaa\xfe\x9c\xcfL`\xd4\xc1\x0fqh\x1a\xaf\xd6~\x82\x07+\xf7$&gt;\xfd\x14\xba\x026\xcd\x86Eq\x06\x80\x13\xad\x89h\xba\x06:Y\xe5\x0et\xfcUK\xd6\xba\x8d\xaf\x967\xae\x1b\x1a]\x01_\xb2\xa6uv]s\xd5\xad\xdf\x84C\x07v\xba\xdb\xdc\xf5~\xaf\xf7\x0e\xfe\xfa\xba\xa6\\\xb1d\xae\xd7u\xd9\xe5\xaeM\\%$\xa2\xcbW\xa2\xf5-w\xb8\xfb\x90um\xb6b\xc9\\\xaf\xe7\xfa\xba\xae\xde\xf0\xe7\xcf\xb4h\xd7\x05\xb2fF\xc9m\xeagW9\x11\xcfk\xa0\x15K\xe6\xfa\xbc\x06\xf2\xbcV\x9a\x92u\x1d\'\x01`!\x84\x10B\x08!\xc4\xb5\xce8\x9dq~\x1e\xe2\xdau\xf6\xf4I\x9e{\xe2~\xacV\xe7\x8d\xecVk\x06\xcf=q?gO\x9f4v-1%\x12mU\x14\x85q\xaf\xbc\xc9=\xbd\xef\x03`\xed\x9a\xdf\xf9{\xdd\x9f\x00\xf4\xbd\x7f\x00\xe3&amp;\xbcQ,YnE!p\xf5_\xa8?\xfc\x84\xfd\xeboI]\xfa+\xda\xbfG\x08P\x14\xb0\x98\xd0\xcc&amp;\xec:\xe8\x99\x19\x90a\xc5\x91f\x87\x0c\x0b6\xab\x1f\xe96\x0b\x99\x8e 4\xd5\x1f\x93IA\xcd\xb0\x93\xb9{\'\xa9K\xbe!\xfd\x87\xefPV\xfeD\xe0_\x7f\x18_._^\x7f\xe1\xe1lw\xec\x8f\x1cr\x97;8U\x14&lt;\xb3\x14\\\x0f\xcfA\xaf\xa2\x98\xa2\xf9\xab\x99S\xdc\xebv\x05\xe0\x8c\xd3\xfe\xbe\xf8\xd6g^\x7f\xbb37&lt;\x06\xf6\x00\xa2\xcbW\xf2\n\xdeu\xe9\xf1\x00\xd1\xe5+\xe58H\xb6p\xcet6\xfc\xf93\xc3F\xbf\x93\xed5\x8b\x93+\xe0\xec\nr\xff\xba\xeck\xe2\xe3\xcexm{\xf3\x9bo\xa5n\xfd&amp;\xac\xfc\xe1K\x8fg\xc2u\xf5\x1a{\xd5\xa1uM\xcf\xd5\xa2\xedm\xeee\xcdo\xbe\xd5\x1d8=\x925=\xb7q\x1fs\xab;&lt;\xfe\x9d9\xee\xff\xaeU\xf7\xa6lu\x98#\xa2\xcag\x0b\x92v\xbd\xbb\x7f\xb6L\x9b\xbcr\x05l]\x8f\xe8\xf2\x95\xe8\xf7\xf0p\xaf&gt;\xbejHw\xeb5\x88\x7f\xf7\xef\xf0ZF\x1e\xb6\xdf\xd3\x96\xbfW\xf1\xd5\xcc)t\xeb5(O\xf5}[\xdfr\x87\xd7v\xf4\xe8\xf7\x18\x00\xfbvmr/\xdb\xb6a5\x8d[\xdcB\xb9\x8a\x97\xa6g\xadU\xb7\x01\x11Q\xde\x99h9q8\xec8\x1cv\xe3\xe2Bs\xd5.KO\xbbH@`0\x81A!d\xa4\xa7\xf2\xd9\xfb\xafp\xec\xd0&gt;c\xf72\xcb\xb3\x86of\xa6\r\xbb\xdd\xee~\xa4\xa7\xa7s26\x96\xbf\xd6\xfd\xcd\xbb\xef}\xc8\xd1c\xc7Q\x14\x85\xeb\xae\xab\xcd\xc8\x11\xcf\xf0\xd2\x8b\xa3\x183\xeaY\x86\xfdg\x08\xc1AA\x9c\x8fO\xc0f\xb3\x15\xea\xe6\xa3\xe6\xcd\x9b\x13\x13\x13\xe3\xae\xe3KV \xb5M\x9b6\x90\x95\xad\xe8Y\xf7w\xc3\x86\r\xc4\xc4\xc4\xb837G\x8f\x1eM\x87\x0e\x1d\xbc\x02Z\xaf\xbf\xfe:deD\xe6d\xd0\xa0A\xc4\xc4\xc40w\xae\xf7\x94\xfd\x9e\xcf=~\xfcx\xb6\x9a\xc3s\xe7\xce%&amp;&amp;\x86\x193fx-\x8f\x89\x89\xf1\xda\x86Q\xa3F\xb9\xa7\xaevmk\xf3\xe6\xcd\xe9\xd0\xa1\x83\xd7\xbe\xba^\xc7s;z\xf6\xecI\x87\x0e\x1d\x98&gt;\xfd\xf2Y\xf7\xbe&lt;\xfd\xf4\xd3\x8c\x1e=\xda]S\x99\xac\xd7\xfe\xe0\x83\x0f\x98?\x7f~\xb6\xc0\xb5/O?\xfd\xb4W6\xa9\xeb\xe1:.Ea\xfe\xfc\xf9\xd9\xd6\xef\x19\xf0\xaeZ\xb5\xf0\xd3\xbax\xbeF\x9f&gt;}\x180`\x80\xd7\xfbB\xd61\xf7\xcc0\xf6u\x9c\\&lt;oDh\xde\xbc9\x03\x06\x0c\xc86m\xb9\xcb\xf8\xf1\xe3\x99?\x7f&gt;\x8b\x16-\xf2\xca4\xce\x0b\xd7y\x98[\xb0\xde55\xf6\xa2E\x8b\xdc\xcb*W\xae\xcc\xe8\xd1\xa3\xdd\xd3G\xe7E\x9b6m\xa8_\xbf&gt;\xcd\x9a5c\xc3\x86\r\xd9\xa6\xda\x8e\x8c\x8c\xcc\x160n\xd5\xaa\x15)))\xa4\xa5\xa5y-\xafX\xb1"\x15+^\xba\xb6\t\x0b\x0b\x83\xac\x19\x07\x8a\x9a\xab\xc6oRR\x12aaa\x84\x87\x87\x93\x92\x92\xc2#\x8f&lt;\xc2\xb6m\xdb\x8c\xdd\xcb$\x87CA\xd1\xa0f@eT\xc5\x84\x8eN\xa6f#\xd4\x1c\xc6\xca\xf8\xbf\x18s\xe8#\xfcU\x0b\x9f\xde\xf0"\xcf\xd6|\x0c\xab#\x13Mw0\xe7\xc6\t|w\xd3$\xee\x88\xbe\x19\x14\xdd\x19\xfc\xd5uT\xd5LL@%ph8\x1c\x05\xfb\xb7A\xad\xba7\x11]\xbe\x92\xbb\x8e/Y\xd7\xb3unh\x04Y\x99\xc1\x9eu\x7f\x0f\x1f\xd8Et\xf9J\xd9\xae\x03\xf3rM\x99\x9fk\x13\xa3\x84\xf3g\xb3M5m\xbc\xf6q\xdd\xa0\xe7y}R\xe7\x86Fl\xf8\xf3g\x8f^\x97D\x95\xab\xe4\xb5=\xb5\xea\xde\xe4\xb3\xb4K|\xdc\x19\x86\x8d~\xc7k\x99k_}\x05\x8a\x85\xb8\x16\x94\xc5\xeb\xe4\x82L&lt;\xd1\xb2]\x17\x86\x8e\x9a\x94\xed\xd1w\xe0\xa5\x1b\xb2\xba\xf4x0[\xfb\xd0Q\x93h\x99u\xa3I~\x14d\x1b\x85\x10B\x08!\xc4\xb5\xa1Z\x8d\xda\xc6EW\xa5sgb\x19to\x07bO\x1c\xa1J\xb5\x1a|\xb9t=U\xaa\xd5 \xf6\xc4\x11\x06\xdd\xdb\x81sg\xf2\x9eLR\x94\n&gt;\xda\x9dO\x8a\xa2\xf0\xf2k\x93\xe8{\xff\xa5\x1a\x87\xfd\x07&gt;\xca\x8b/\xbdVf\x03\xbf\x00\x01\x8b~\xc04\xf7\x0b\xec\x9f\xce\xe2\xe2\xfc\x05\xe8{\xf6\x10\xa4\xaa\xe8\x16\x13\xf8\x99\xd1L\n~\x8a\x1d\x8bf\xc7\x92\xe9 \xc0\xe1\x87J\x00\x9a)\x10\x87\x16\x8a\xae\x06\xa0\x9aA\xcd\xb0a\xdb\xb4\x89\x94\xcf\xffG\xfag\x9f\xa0|=\x9f\x80\xa5?\x18_._&lt;\xb38=\x1f\xc6\xac\xcf\xbc\xc8)`\xe7\x99\xa5\xe0z\x14\xf54\xcf\x0f\x0e\x19\xe9\xb5\xfe\x95\xdf\xcf\xf7\x99Aj\x9cz\x0f \xf1\xbcw\xa6\xf2u\xf5\x1a{\xfdM\xd6@\x98/\xbf.\xfb\xda\x1d\x14\xcdm\x9f\x8c\xaf\xeb\xeb\xe1k\x9a&gt;O\xc6\xe0\xe6\xbf\xfbw0e\xe6r\xf7@\xe3\xa1\x03;\xb3\r\x00\x925\xc0\x97p\xde\xbb.\xb0qZBW\x00\xfe\xe3\xc9\xbe\xeb+\x1e:\xb0\x9b\xe8\xf2\x95|\xeec\xed\x1b\x1af\x0b\xd8\xfa\x1a\x00\xcd)\xc8\xef9\xb5\xe0\x8cI/\x80G0:?\xa2\xcbW\xf2:\x07\xba\xde3\x80\x919L\xd9\xed95\xf6\x8a%s\xb3\xd5M\xce\xcf\xf6\x1f\xfag\x97;\xf0k\x1c\xbc\xcd\x89\xf1\xfd\x0f\x8f\x88\xf6\xfa\xfbL\xac3\xf3\xb2V\xdd\x06^\xcb\x01"\xa2\xca\x19\x17e\xe3\xb0\xdb\xb1eZ\x8b&lt;\xf3\xd75\xa0\xe5\xaa]\xf6\xf8\x88\xd7x|\xc4k\xee\xdaf\x9f}0\x91\xe3\x87\xf7\x1b\x9fV&amp;EF\x84\x93\x99i\xc5\xe1p\xa0(\xce\x80\x81\xe7\x03@\xd7\x1c\xa4\xa5\xa7\xf3\xc3\xb2\x9f\x00ph\x1a\x9a\xa6\x11\x1c\x1cLXX\x18\x0e\x87\x83c\xc7O\xa0(*6\xbb\x8d\xf0\xb0p\xc3\xab\xe4\x8f+\xc3\x16\x8f\xfa\xbe\xbdz\xf5\xf2\xfa\x7f\xd7\xf25k\xd6xM\xbd\xbcf\xcd\x1a\xfa\xf5\xeb\xe7\xfe\xdb\xe5r\x99\xa6k\xd6\xaca\xd4\xa8Q\xc6\xc5n\xeb\xd7\xaf\xcf\xb1\xae\xb0\xe7\xf6z.\xf3\xe4\xaa-\xeb\xcal\xf6t\xfc\xb83\xab\x9a\\^\xa7M\x9b6\x1c5d"\xe7\x85\xf1\xfd\xf3\xe4\xca\x96\xf6\xcc\xb2\xce\x89g\xd6\xb0\xe7\xc33\xf8\x99\x1f\xbe\xf6e\xc0\x80\x01\xd9\xd6_\xd4\xd3&lt;\x1b_\x83\xac\x8co_\x01p\xcf \xf4\x9a5k\xbc\x8e\x13Y\x01~c\x107\xa7\x00\xf5\xc7\x1f\x7f\xec\x0e\xcc\x16t\x9f\\\xc1\xfa\x9c2\xc07n\xdcHLLL\xb6\xf5\xbb\xce9_\xfb\xe8\xcb\xfa\xf5\xeb\xd9\xb7o\x1f[\xb7ne\xc9\x92%&lt;\xf0\xc0\x03|\xf4\xd1G\xc6n\xac^\xbd\xda=\xed\xf3\xc2\x85\x0b\x01HMM\xf5\xea\xe3\n\xf6\xba\x14\xe6\xc6\x90\xdc\xb8\x02\xbf\t\t\tDEE1w\xee\\\xe6\xce\x9dKTT\x14\x89\x89\x89&lt;\xfa\xe8\xa3WD\x00\xd8l\x0e$=\xddF\x8b\xb0\xfa\x94\xf3\x8b$\x13\x07&amp;UEC\'\xcc/\x82\xa9\'\xe63\xfe\xf0\xa7\x04\xab\x01\xbc[\xf7i~k\xf4&gt;\xdf5x\x9b\xbb#\xdbsGxk\x167\x9a\xcc\xc0\x8aw\x92\xe6HCC\'\xda\x14A\xf3\xb0\x1bH\xcb\xb0a\xb6\x04\x1a_.\xcf\xae\xab\xd7\xd8\x1d\x80u\xdd\xb4\xe8\xbaI\xce\xf5\xff\xae\xe5\xff\xee\xdf\xe1\xf3\xfa\xd1\xd7\xb2\x9c\xae)/wm\xe2KT\xb9\x8al\xf8\xf3g\x9f\xd7:.\x9b\xd7\xfe\x9a\xed\xfa\xd0\xb5\xfd\xbe\x9e\xe7\xca\x10\xf6\xe4\xca\x846^\xeb\xf9\xba.\xac[\xbfI\x81\xae\xe3\x84\xb8\xd2\x95\xd9\xeb\xe4\x02\x8c\x93DFW\xa4\xce\r\r\xb3=\xaa\xd6\xa8\xe3\xeeS\xb1JL\xb6\xf6:74\xcc\xf1\xdfL\xb9*\xc06\n!\x84\x10B\x88k\xc3mwd\x1f\xdb\xbb\xda\x9c;\x13\xcb\xc0\xde\xb7d\xd5\xf8\xad\xc1\xbc\xc5\x7f\xd2\xb0I+\xe6-\xfe\x93*\xd5jp\xea\xe41\x06\xf6\xbe\xa5T\x02\xc0\xc53\xa2\x95\x8b\x17_z\x8dG\x1f\x1f\xc6\x90\'\x9e\xe6\xf9\xd1/\x19\x9b\xcb\x1c\xc7\xa158\xf6\xad\x87\xdd[\x88\xda\xff\x0f!\xf1\tXt\x1d\x050a\'H\xcd\xc4\\-\x80\xe0r\n\xe5\x822\t\r9ET\x85\x0b\x94\xaf\xa9A\xc6\x05\xc8\xb4\x82\xae\xa0\x9a2\xb1\x9c:M\xc0\xdf{\xb0l\xd9\r\xdbw\xc3\xee=\xc6\x97+5\xae\x81\x1e\xe3\x94w\xb9\x89*W\xc9k\xda\xbc\xa22t\xd4$\xe2\xe3\xce\xb8\x07\xb5\\\xd3\x1a\xcf\x98\xf4\x82W\xc0;?\x12\xce{\x0fd\xc5\xc7\x9da\xc5\x92\xb9t\xeb5\xc8\xe7\xe0\x97\xa7Zuo\xca\x16\x007&gt;\x8cY\xb0F\xc6\xe0\xa61\x939\xe1\xbcw-\xb8\xfc\x0c FD\x95g\xca\xcc\xe5^\x01f\xcf\xec\xec\xdc\x06\xf1\x8c5us\xe3\xb9\x1d\xae\x1av\x9b\xd6\xaet\xef\x931\x83\xa40\x9a\xdf|k\xb6\xacdW\x8d\xe1\xa8r\x15\xdd\xaf\xd9\xad\xd7 \xaf\xe7\xe5\xc6\xd7\xfb\xf8\xd5\xcc)\xd4\xad\xdf$\xcf\x81\xdf\xdc$_p\xd6\xfdMI\xbe`l\xca\x17\x9b\xcd\x8a\xa2\xa8EzS\xcc\xf1#\x07x\xff\x8d\x11\xce\x01\xad\xd0p\x1e\x1b&gt;\x91\x1a\xb5\xeb\xb9k\x9b\xb9\x06\xb6\xde\x7f\xf3\xb9\xd2\x19\xd8\xca\x07]\xd7i\xd8\xf0F\xa2"#1\x99\xcc&gt;\xdf\'g\x10\x18\x14U\xe5\xcc\x99\xb3\xd8lvL\xaa\xf3=u8\x1c\xe8\xba\x8e\xc3\xa1\xb1u\xdbvTU\xa5\\t\x14\r\x1b\xd6/T]\xcf\xd6\xad[\xbb\xeb\xfe\xba\x02Z\xae [\xe5\xca\x95\x89\x89\x89a\xe3\xc6\x8d\xeez\xbf\xbd{\xf7\x06\x8f\xe0\x96\xaf,U_\xc1;\x97\xbc\x04\xc5|\x05+]r\n\xf8\x15\xc4\xd1\xa3G}f\xc0N\x9a4)\xc7\xed\xcf\xcd\xa9S\xa7\x8c\x8b\xdc\x8c\x81\xcb\x92\xe4\xabNsnjfM\x97]\xd4^\x7f\xfd\xf5l\x99\xdb\xae\xe9\xb9=\x03\xde\xc6`~n\x8c\xc7\xe9\xf8\xf1\xe3L\x9a'... (set the log level to DEBUG or TRACE to see the full content) 
 </msg>
<msg time="2025-05-28T23:46:36.748292" level="INFO">POST Response : url=https://petstore.swagger.io/v2/pet/5/uploadImage 
 status=500, reason=Internal Server Error 
 headers={'Date': 'Wed, 28 May 2025 18:16:36 GMT', 'Content-Type': 'text/html; charset=ISO-8859-1', 'Content-Length': '328', 'Connection': 'keep-alive', 'Access-Control-Allow-Origin': '*', 'Access-Control-Allow-Methods': 'GET, POST, DELETE, PUT', 'Access-Control-Allow-Headers': 'Content-Type, api_key, Authorization', 'Cache-Control': 'must-revalidate,no-cache,no-store', 'Server': 'Jetty(9.2.9.v20150224)'} 
 body=&lt;html&gt;
&lt;head&gt;
&lt;meta http-equiv="Content-Type" content="text/html; charset=UTF-8"/&gt;
&lt;title&gt;Error 500 Internal Server Error&lt;/title&gt;
&lt;/head&gt;
&lt;body&gt;&lt;h2&gt;HTTP ERROR 500&lt;/h2&gt;
&lt;p&gt;Problem accessing /v2/pet/5/uploadImage. Reason:
&lt;pre&gt;    Internal Server Error&lt;/pre&gt;&lt;/p&gt;&lt;hr&gt;&lt;i&gt;&lt;small&gt;Powered by Jetty://&lt;/small&gt;&lt;/i&gt;&lt;hr/&gt;

&lt;/body&gt;
&lt;/html&gt;
 
 </msg>
<msg time="2025-05-28T23:46:36.748715" level="INFO">C:\Program Files\Python313\Lib\site-packages\urllib3\connectionpool.py:1097: InsecureRequestWarning: Unverified HTTPS request is being made to host 'petstore.swagger.io'. Adding certificate verification is strongly advised. See: https://urllib3.readthedocs.io/en/latest/advanced-usage.html#tls-warnings
  warnings.warn(</msg>
<msg time="2025-05-28T23:46:36.748936" level="FAIL">Url: https://petstore.swagger.io/v2/pet/5/uploadImage Expected status: 500 != 200</msg>
<var>${response}</var>
<arg>alias=petstore</arg>
<arg>url=/pet/5/uploadImage</arg>
<arg>data=${payload}</arg>
<arg>files=${files}</arg>
<arg>expected_status=200</arg>
<doc>Sends a POST request on a previously created HTTP Session.</doc>
<status status="FAIL" start="2025-05-28T23:46:33.466244" elapsed="3.285336">Url: https://petstore.swagger.io/v2/pet/5/uploadImage Expected status: 500 != 200</status>
</kw>
<status status="FAIL" start="2025-05-28T23:46:33.462400" elapsed="3.289495">Url: https://petstore.swagger.io/v2/pet/5/uploadImage Expected status: 500 != 200</status>
</test>
<status status="FAIL" start="2025-05-28T23:46:32.901573" elapsed="3.851103"/>
</suite>
<statistics>
<total>
<stat pass="0" fail="1" skip="0">All Tests</stat>
</total>
<tag>
</tag>
<suite>
<stat name="Upload Suite" id="s1" pass="0" fail="1" skip="0">Upload Suite</stat>
</suite>
</statistics>
<errors>
</errors>
</robot>
