<?xml version="1.0" encoding="UTF-8"?>
<robot generator="Robot 7.2.2 (Python 3.10.0 on win32)" generated="2025-05-31T13:00:02.266626" rpa="false" schemaversion="5">
<suite id="s1" name="Multipart Upload" source="D:\Balaji\Company\Vivriti\AutomationProject\robot_api_suite\multipart_upload.robot">
<kw name="Create Session" owner="RequestsLibrary" type="SETUP">
<msg time="2025-05-31T13:00:02.806752" level="INFO">Creating Session using : alias=petstore, url=https://petstore.swagger.io/v2, headers={},                     cookies={}, auth=None, timeout=None, proxies=None, verify=False,                     debug=0 </msg>
<arg>alias=petstore</arg>
<arg>url=https://petstore.swagger.io/v2</arg>
<doc>Create Session: create a HTTP session to a server</doc>
<status status="PASS" start="2025-05-31T13:00:02.806752" elapsed="0.002351"/>
</kw>
<test id="s1-t1" name="TC2 Multi Image Upload Dictionary" line="17">
<kw name="Create Dictionary" owner="BuiltIn">
<msg time="2025-05-31T13:00:02.809103" level="INFO">&amp;{payload} = { additionalMetadata=image/png }</msg>
<var>&amp;{payload}</var>
<arg>additionalMetadata=image/png</arg>
<doc>Creates and returns a dictionary based on the given ``items``.</doc>
<status status="PASS" start="2025-05-31T13:00:02.809103" elapsed="0.000000"/>
</kw>
<kw name="Get File For Streaming Upload" owner="RequestsLibrary">
<msg time="2025-05-31T13:00:02.810643" level="INFO">${image_file1} = &lt;_io.BufferedReader name='D:\\Balaji\\Company\\Vivriti\\AutomationProject\\files\\demo.jpg'&gt;</msg>
<var>${image_file1}</var>
<arg>${EXECDIR}${/}files${/}demo.jpg</arg>
<doc>Opens and returns a file descriptor of a specified file to be passed as ``data`` parameter
to other requests keywords.</doc>
<status status="PASS" start="2025-05-31T13:00:02.810643" elapsed="0.000000"/>
</kw>
<kw name="Get File For Streaming Upload" owner="RequestsLibrary">
<msg time="2025-05-31T13:00:02.811786" level="INFO">${image_file2} = &lt;_io.BufferedReader name='D:\\Balaji\\Company\\Vivriti\\AutomationProject\\files\\demo.jpg'&gt;</msg>
<var>${image_file2}</var>
<arg>${EXECDIR}${/}files${/}demo.jpg</arg>
<doc>Opens and returns a file descriptor of a specified file to be passed as ``data`` parameter
to other requests keywords.</doc>
<status status="PASS" start="2025-05-31T13:00:02.810643" elapsed="0.001143"/>
</kw>
<kw name="Create Dictionary" owner="BuiltIn">
<msg time="2025-05-31T13:00:02.812891" level="INFO">${files} = {'file': &lt;_io.BufferedReader name='D:\\Balaji\\Company\\Vivriti\\AutomationProject\\files\\demo.jpg'&gt;, 'randombytes2': &lt;_io.BufferedReader name='D:\\Balaji\\Company\\Vivriti\\AutomationProject\\files\...</msg>
<var>${files}</var>
<arg>file</arg>
<arg>${image_file1}</arg>
<arg>randombytes2</arg>
<arg>${image_file2}</arg>
<arg>randombytes3</arg>
<arg>${image_file2}</arg>
<doc>Creates and returns a dictionary based on the given ``items``.</doc>
<status status="PASS" start="2025-05-31T13:00:02.811786" elapsed="0.001470"/>
</kw>
<kw name="POST On Session" owner="RequestsLibrary">
<msg time="2025-05-31T13:00:04.974338" level="INFO">POST Request : url=https://petstore.swagger.io/v2/pet/5/uploadImage 
 path_url=/v2/pet/5/uploadImage 
 headers={'User-Agent': 'python-requests/2.32.3', 'Accept-Encoding': 'gzip, deflate', 'Accept': '*/*', 'Connection': 'keep-alive', 'Content-Length': '640634', 'Content-Type': 'multipart/form-data; boundary=6e6e33931ba024d9464aa887e066d962'} 
 body=b'--6e6e33931ba024d9464aa887e066d962\r\nContent-Disposition: form-data; name="additionalMetadata"\r\n\r\nimage/png\r\n--6e6e33931ba024d9464aa887e066d962\r\nContent-Disposition: form-data; name="file"; filename="demo.jpg"\r\n\r\n\x89PNG\r\n\x1a\n\x00\x00\x00\rIHDR\x00\x00\x07\x80\x00\x00\x048\x08\x06\x00\x00\x00\xe8\xd3\xc1C\x00\x00\x00\x01sRGB\x00\xae\xce\x1c\xe9\x00\x00\x00\x04gAMA\x00\x00\xb1\x8f\x0b\xfca\x05\x00\x00\xff\xbaIDATx^\xec\xddw`\xd4\xe5\xe1\xc7\xf1\xf7\xf7.;!\x1b\x08\x10F\xd8S\x11\x10q\xa1".@\xa9\xa3j\xadhqw\xa8T:l-uu\xe0\xaf.\xb0n\xebl\x15\xad\xb3\nN@QY\x82\xb27\x84@X\x81\x10\x08\xd9\xb9\xfb~\x7f\x7f\xdc\xc8\xdd7\x97Iv&gt;/\xfb\x94\xbb\xe7y\xbe\xe3.7r\xf7\xc9\xf3&lt;\x86\xf5\xdf\xb3-DDZ!K\xaf^""""""""""\xd2B\x19\x86\xbdF\xa4i8\xec\x15""-\x91eU."""""""""""-\x95\xfd;m}\xaf-ME\x01\xb0\x88\xb4XzS\x14\x11\x11\x11\x11\x11\x11\x11\x11\x11\x91\xb6D\xdf{KSP\x00,"-\x8e\xde\xfcDDDDDDDDDD\xa4\xad\xd3w\xe1\xd2X\x14\x00\x8bH\x8b\xa17;\x11\x11\x11\x11\x11\x11\x11\x11\x11\x11io\xf4\xbd\xb844\xc3\xfa\xef\xd9zX\x89H\x93\xd2\x9b\x99\x88\xd4\x87^:DDDDDDD&lt;\x0c{\x85\x88\xb4\x19\x86\x9e\xe0\xd2\x00\x14\x00\x8bH\x93P\xe8\xdb2\xe9\xc7"""""""""\xd2\xfa(#l\xfb\x14\x04\xcb\xf1P\x00,"\x8d\xae\xa9\xc2\xdf&amp;:\x8c\x88\x88\x88\x88\x88\x88\x88\x88\x88\x88H\x93\x04\xf1\n\x82\xa5&gt;\xb4\x06\xb0\x884\xaa\xc6\n\x7f\xad\x10EDDDDDDDDDD\xa4\xa9\xd8\xbf\xa3n\x8c\xef\xa9-\xab\xf1\xbeg\x97\xb6\xabaG\x00\'\xf5\x87\x0e\xbd 6\r"\x13\xc1\x19\tF\x1d3f\xcb\x04w)\x94\x1e\x81\xc2\xfdpl\'\xe4m\xb1\xf7j\\aQ\x10\x9f\x01\xf1\xbd :\x15\xc2\xe3 ,\x06\x1ca\xf6\x9e"R\r\xab\x11\xde\x95\x1aa\x97R\x1d\xd3\x05\xae"(/\x80\xa2\x1c(\xd8\x05Gw\x80\xbb\xcc\xdeSDZ\xb1\xc6x\xbd\x16\x11\x11\x11\x11i,\x86\x86B\x89\x88H+\xd1X\xefXz+\x94\x9a\x1c\x7f\x00\x1c\x16\x01\x9d\xc6@\xa7\xe1\x10\x16mom\x18\xaeb\xc8Y\x059K\xc1\xd5\x88\xa1\x833\x02\xba\x8d\x85\x8e\'\xd5=\xb8\x16\x91 \r\x19&amp;4\xe0\xae\xa4!X&amp;\xe4\xac\x84\xbd\xdf\x80Yno\x95F\xd4\x90\xcf+\x11\x11\x11\x11\x11\x11\x11i|\xfa\x83\x05\x11AA\xb04\x83\xe3\x0b\x80S\x87A\xfa9\x8d\x17\xfc\xda\xb9\x8a!{!\x1cZko9~I\xfd\xa1\xe7\x85Mw[D\xda\xb0\x86\n\xa9\x1ah7R\x8d\xe3\xfaY\x95\x17B\xd6\'pt\xbb\xbdEDDDDDDDDD\x1a\x91\xfe\xb8\xa0uj\x8c\x9f\x9a\x1e\n\x12J\xfd\x03\xe0\x1e\xe7C\xa7\x93\xec\xb5M#\xe7\x07\xd8\xf5\x99\xbd\xb6\xfe\xba\x8c\x81ng\xd9kE\xa4\x8e\x8e+L\xf4:\xde]4\xc49H]X\x90\xfd%\x1c\xf8\xce\xde "\xd2\xee\xe9-IDDD\xf4\x85\xac\x88\x88H\xdbW\xdf0\xbe~[U\xad\x9e\xa7!mT\xfd\x02\xe0\xde\x17C\xf2`{m\xd3:\xbc\x01v|h\xaf\xad\xbb\x9e\xe7{\xa6|\x16\x91\xe3r\xbc\xc1k]7?\xde\xe3I\x03;\xb8\x12v\xcd\xb7\xd7J;\xa6\xa7\xa8\x88\x88\x88\x88\x88\x88\x88\x02\x19\x91\xf6\xa8&gt;\x81p\xdd\xb7\xa8Z=\x0e/mP\xdd\x03\xe0\xe6\x1c\xf9kw\xbc#\x81;\x9f\x0c\xdd\xc7\xd9kE\xa4\x8e\x8e\'\x8c\xad\xeb\xa6\xc7s,id\xd9\x0b\xe0\xc0\n\xa8\xc7\xcf54\xc33\xc2\xb8I4\xe5\xb1DDDDDDDDDZ&amp;\x85\x87\r\xa79\x83\xe0z\x1cZ\xda\x98\xba\x05\xc0\xa9\xc3\xa0\xd7\x04{m\xf3\xda9\xaf~k\x02\xc7\xf7\x82\xfeW6\xe0\xd3I\xa4}\xaao [\xd7\xcd\xear\x1cKA^3\xb1`\xf3[pl\x97\xbdAD\xda!\xbd\x12\x8b\x88\x88\x88Hk\xa3o\tED\xa4\xaej\x1b\xb4\xd65\x0c\xae[\xef\xd0\xeaxHic\x1c\xf6\x8a*\x85E@\xfa9\xf6\xda\xe6\x97~\x8e\xe7\xdc\xea\xc2\x11\x06\xbd/i\xa0\xa7\x90H\xfbU\x97P6P]6\xb3,\xab\xc6\xe3X\xb6\xff\xa4\xb9\x18\xd0{\x92\xe75\xf6\xb84\xe7kss\x1e\xbbm\xb1T\xda}\x11\x11\x11\x11\x11im\xec\xbf\xd3\xaa\xa8\xa84L\x11i\xcb,\xabv\xdfw\xd7\xe6{\xee@z\xfe\xc8\xf1\xaa\xfd\x08\xe0\xaec\xa1\xeb\xa9\xf6\xda\x96a\xef\x12\xd8\xbb\xc8^[\xb5\xb41\x90~\x96\xbdVD\xea\xa0.oV&gt;u\xd9\xa4\xa6\xfd+\xe8m\xc1\xb2\xbf\xc2\xda\xbf\xdc^+""\r\xa0\xa6\xf7G\x91\x96D\x0fW\x11\xa1\x91F\x9e\xd4u\x04\x8d\x88\x88\x88\xd4\x9e\xdee\x8f_m~U\xa9\xcb\xef3\xb5\xefYY\x1d\x0e#mL\xed\x03\xe0\xe1w@X\xb4\xbd\xb6ep\x15\xc3\xaa\xd9\xf6\xda\xaa\x9d\xf8+\x08\x8f\xb5\xd7\xd6\x8ei\x81\xc3\xfb\x8c9\x94\x03\xdb6\xc1\xae\x1d\x90{\x10\x8a\x0b=\xf5\xd1\xb1\x90\xda\t\xba\xf7\x82\xee\x19\xd0\xad\x87\xa7\xde\xb2\xf4l\x936\xa3\xae_@\xd7\xa6{m\xf6i\x0f~Cm\x13\xa2J\x9aRy\x01\xacy\xda^+"\r@\xafo""""""\x8dG_\xdd\x8a4\x8e\xba\x84\x9d\xadIM\xb7\xaa\xb67\xbb6\xf7O\xcd=\xaaV\x8b\xddK\x1bT\xbb\x008\xa9?\xf4\xb9\xd4^\xdb\xb2l\x7f\x0f\xf2\xb6\xd8k+\x8b\xed\x02\x83\xae\xb3\xd7\xd6M\xce&gt;X\xfd\x1dl^\x0f\xee2p\xfb\xc6\xf8\x07&lt;\x8b\x0c \xcc\x01\xa6\x01\x83O\x84\xe1\'C\xa7.\x81{\x11i\x95B\x05\xae\xd5\xa9M\xf7\xda\xec30\xf8\xb5\xf7\xaf\xc5\xe6\xd2\xd46\xbe\x06E\xfb\xed\xb5-\x92\x1e?"\xd2\x9a\xe8%KDD\xa4u\xd1\xf7\xad""\xd2X\x14\xea5\xbf\xc0\xe0\xb6\xa6\x1fGm~^\x8d\x15\x04\xd7b\xb7\xd2\x069\xef\xbb\xb2\xd7}\xf6\xcaJ:\x8d\xf4\x04\xa7-\x99\xab\x04\x8en\xb7\xd7V\xd6y$\xc4\xa5\xdbkkf\x9a\x9eg\xc9\x9a\x95\xf0\xf9\x07p`\x0f\x94\x96\x81\xe1\xf0~\x15g[N\xd9\xf0V\x9b&amp;\x1c\xcd\x81\rk \xad\x1btH\x04\xd3\r\x8e\xda/\xbf,\xd2R\xd8\x83\xd7\x9a\xd4\xd4\xbd\xa6\xfd\xd54\xda\xb7\x86\xcdk\xc5\xbeOi \xae\x12\xc8\xcf\xb2\xd7\x8a\xb4Hz\x15\x10\x11\x11\x11\x11\x11\x91\xc6\xa2\xdcE\xa4u\xa9wXZ\xcb0\xb8\xa6\xfd+\x04\x96\x86R\xbb\x00\xb8\xeb\xe9\x10\xd1\xc1^\xdb\xf2\x1cZm\xaf\xa9\xac\xcbi\x10\x99`\xaf\xad\x9eey\x02\xdb\x95\x8ba\xc1&lt;p\xb9\xc0\xf4\x85\xbcU|ml\x18\x15\xdb\x99&amp;\x0c8\x01\x86\x8d\x84\xb00O\x9d\xa5\xe9\xa0\xa5u\xa9kPZS\xf7\xea\xf6W]\xf0[\xcdf\xd5\xeeS\x9a\x98\xe9\x86\xc3\xeb\xed\xb5-\x92\x1e5"\xa2\xb7\x0f\x11\x11\x11\x91\xd6E_\xa9\x89Hk\xa3\x97\xad\xb6\xcd\xf7\xbed\x0fo\xab\xfb\xb9\xd7\xf4^f\xdf\x97]\xf5\xad\xa1\xd5\xb0Kicj7\x05tK^\xff\xd7\xa7\xb6\xeb\x00\x0f\xbd\x19\xa2\x92\xed\xb5U\xf3\x05\xb5\xabW\xc2\x97\xf3&lt;\xa1\x86U\xcb\xc4\xc0\x00\x9c\x06\x0c\x1a\x01\xe7M\xf2\xec\xe7\xfb\xe5\x9e5\x84\x87\x9f\xac\x10XZ\x8d\xba\x06\xab\xd5u\xafn_\x16V\x95\xedUTC\r\xfbl\x0e-\xed|\x9aE\xc9a\xd8\xf0\x92\xbd\xb6Q\x15\x95Yl;P\x0e@\xdf\xce\xe1\xc4D\xe8\xf5UjGOY\x11\x11\x11\x11\x11\x11i,\xfa\xfaW\xa4\xf1\xb4\xb4\xa7WU\xcf\xf7Pa\xae\xaf&amp;D\x93_\xa8\xed\x02U\xdf\x1aZ\r\xbb\xacVa\x89\x9b\xb5\xbb\n\xd9y\xb0\x84\xfcbWP[d\x98\x83\xf8\x9802:E1\xbcW\\P[[\xf3\xdc\x17{\x89\x8b\nc\xf2\xa8\x14b\xa3\x9c\xf6\xe6J\nK\xdc|\xb0"\x97\x82\x12\x17\xb7\x8c\xefjon4\xb5\x1b\x01\xdcm\xec\xf1=*\x9a\x82\xe1\x84}\x8b\xed\xb5\x95\xa5\x9f\xed\xe9[[\x86\x01\x07\xf7\xc3\xdcw\xc0]^\x87\xf0\xd7Q\x11\xfe\x8e\x9f\xe0\x19\xf5\xbb\xd6\x1b"\xef\xce\x82\x8c\xbe\x10\xd7\nFUK\xbb\xd7\x90af\xd0H\xdejF\xf9\x06\xaa\xa2\xba\x9a\xfe\xa1\xeb\xdb;\xcb\xb2j\xfc\x85\xa16}j\xcdp\xc2\x81\xe5\xf6\xda*4\xcc1\x8f\x15\x9b|\xbd\xb5\x94\x03\xf9nz\xa7\x86\x11\x1dQ\xbb\xa9\xf6\xab\x7f\xc84\xcc\xb9\x89H\xc3\xd1\xeb\xbc\x88\x88\x88\x88\xb4&amp;\r\xf69[DZ5\xbd\x14\xb4]U\xfdhC\xfd\xcc\xed\xef\t\x81\xd7B\xf5\'\xc46v\xd5\xb7\x86V\xc3.\xab\xf4\xfd\x8e\x02\xd6\xec*\xa0\xd4e\xda\x9bp\x9b\x16E\xa5n\xf6\x1c.%;\xb7\x94\x81\xddb\xec]\xda\x8c\xcd{\x8b)(q\x91\x99SJ\xef\xceQD\x84U\xfd=taiE\xf8\x1b\x17\x15\xc6\xb0\x1e\xb1\xf6.\x8d\xa6\x96\x01\xf0\x99\xf6\x9a\x96\xc70`\xef\xb7\xf6\xda\xca\xba\x8d\xb5\xd7T\xcf4\xe1\xeb\xf9px?\x98\x06X\xbe\xb9\x9f\xab`\xe0\x19\xe1\xeb\x04\x06\x8f\x84\xf3/\xf6\x84\xc1\xcb\xbf\x81\x05\x1f\x83\xc3\ta\x16\x94\xba\xa0\xcf\x80\xfa?\xd3\x1a\xc9\xb3s\xbe\xe0\xc7w&lt;\xc6\xb4\xeb\'\xd8\x9b\x1a\xd5\xca\xf5\x99\x9c~\xf5\x9f9s\xd4 \xbavJ\xb27K\x13\xcb\x18w;\xb3^\xf9\x98\xd5\x1b\xb3\x98&lt;~\x94\xbd\xb9ZU}/\xef\xfb\xc2\xde\x1e\xfc\x06\xb6\x05\xd7\xd9k&lt;B\xf5\xa5\x9a\xfa\xb6\xa4\xbe71/\xbf\x80\xeb\x7f\xf74\x03{w\xa5SJ\xe8)\xf0\xd7n\xd9\xc5\xed\x0f\xbc\xcc\xf8\xd3\x87\x11\x15\x11ao\xae;\xc3\t\xfb\x96\xd8k\x1bUq\x99\xc5\x96\x03\x9e\xbf&lt;\xeb\xd79\xbc\xd6\x01\xb0\xb4\x1e\xed\xe1y."5\xd3+\x81\x88\x88\xb4&amp;-\xeb[\x1f\x11i\x0e5\x857"\xedA{x\x1aTu\x13C\xddv\xfb\xeb\x82\xefZ\xa8\xbe&gt;\xf6m\x02U\xddR\xb5jvW\xa5\xf4\x94HF\xf6\xee\x10\xb2\x0c\xef\x15G\xf7\x94(\x0e\xe5\x97s\xf0X9N\x87AZb\x03|\xcf\xdc\x02\xf5\xee\x1cEfNi\x8d!pa\xa9\x9b\x0f\xbe\xab\x08\x7f\'\x9f\x9c\x12\xb2_ci\xba#\xb5V\x07\xf7C\xe6&amp;p\x995\x87\xbf&gt;\x0e&lt;#\x7f\xcf\xf5\x86\xa8\xcb\x16\xc1\xe2\xf9\x9e`\xd8\xed\x822\x97g\x9f\xb9\x07\xed[\xd6\xca\xb3s\xbe c\xdc\xed\xf6j\xbf?\xcfz\x8bq\xd7=h\xafnu\xc6]\xf7 \x7f\x9e\xf5\x96\xbd\xba\xdd\x9az\xf7\xd3d\x8c\xbb=\xa8|\xb4\xf0{{\xb7Z\xdb\x97\x93G\xc6\xb8\xdb+\xdd\xc7\xe3\xae{\x90)\x93\xcf$s\xc1\x13\xbc\xf8\xf7\xdb\x82\xdaByv\xce|z\x9f{\x87\xbf\xf4\x19\x7f\x07\xf7\xce\x0e\xde\xa7eY\x9e\xe9\x9dC\x8c\xfa\r\x15\xe8\x84\xa8\n\xd9\xd7WW\xb9\xbe\xf1\xcb\xfe\x83G8\xf5\xca\x19\x9c3\xe5\x01\x0e\x1e\xce\xaf\xd4\x1eX\xf6\x1c8\xccS\xff\xf9\x8c\xcf\xbeY\xe3\xaf+.)c\xe1\xb2\rdf\xe7T\xea_U\xa9\x0f\xcb\xb2\xb8u\xc6\x0b\xac\xdd\xb2\x8b+\xef|\x9c\xb5[v\xd9\xbb\x04\xb5\xfd\xfc\xcf/\xd8\x9b[\x8c\xc0\x9fw\xc8\x12\xd8\xb76\xfdUZ]\x91\x8a\x89HTT\xdas\x11\x11\x11iM\xec\xefc**\xed\xb1\xb4w\xf6\xcf\xb6*\xed\xb3\xb4w\xf6\xef9\xdbR\xf1\xdf\xc6*^\xf7\xec\xfd&lt;u\xc1\x8f\x0b\xff\xb6!\xfa\xfaT\xf78\xaa\xba\xa5j\xd5\xec\xae\x92o6\x1d\xe5\xa5\x85\xfby\xee\x8b\xbd!\xcbK\x0b\xf7\xb3dK&gt;i\x89\x11\x9c&gt;\xd03\x00)3\xa7\xc4\xbe\x9b6#6\xd2\xc9\xe4\x93S\x88\x8b\n\xa3\xa0\xc4\xc5\x07\xdf\xe5RX\xea\x0e\xea\x13*\xfc\x8d\x8d\xac\xc3\xec\xc4\r\xa0\xd1\x03\xe0\x15\xeb\xb6s\xc3\x1f\x9e\xa1\xb4\xcc\xb3.c(\xa5e\xe5\xdc\xf0\x87gX\xb1n\xbb\xbd\xa9\xf9\xed\xd8\n\xaeZN\xfdl8\xc0\xe9\x80\x81\'UL\xfb\xbc\xec\x1bX\xb2\xd0\xb3ml\x1c$\xa6\x80\t\x94\x97\xc2\xf6M\xf6=\x88T\xe2\x0bj\xbbwI!s\xc1\x13\xfe\xf2\xc4\x8c\xa9\xf6\xae\xc7m_N\x1e\x99\xd99L\x1e\x7fr\xd0\x1b\xca\xb3s\xe6s\xee\xf5\x7f\t\xea\x0bp\xee\xf5\x7f\xe1\xad\x8f\x97\xb0\xfd\x8b\xd9\xfe\xf2\xcd\xeb\xf7\x07\xf51-\xb3R\xf0K\x15oX\xa1\xde\xe0\xeco\x86U\xd7\x85\xde\xbe!\xdc:\xe39\x1e|\xf2\x1d{\xb5\xdf\x97\xcb7\x06]\xb7\xff\x82\xb7t\xd5\xd6\x807qo=\x16\xf8\xcf\xb9\xf2/\x85\rU\x00\xfe\xf4\x8bK\xfd\xe7v\xeb\x8c\xe7Y\xb39\xcb\xdf\xbefs\x16\xb7\xcex\xde\xdf~\xf7-\x93+\xed\xa3\xa5\x14\xa9\xfc!Z\xa5\xfd\x15\t~\xbdWQQQQQQQQQi\xe9E*\x7f\xaeQQi\xa8\xd2\x9a\xd8\xbf\xe7Ri\x98\xd2\x12\x84z\xbd\x0f\xf5\x18\r\xd9\xcfv;\xfc\x8fo\xfb\xc6^\xd5\xdd\xe6\xaa[\xaaV\xcd\xee\xfc\xbe\xd9t\x94\r\xd9\x85\x94\xbb+O\xfb\xecS\xee6\xd9\x90]\xc87\x9b\x8e\xd21&gt;\x1c\x80\xfc\xa2\xe05\x82\xdb\x9a\xeaB\xe0\x96\x10\xfe\xd2\xd8\x01\xf0\x96\x9d{\xb9\xeewO\xb1p\xd9\xfa*C\xe0\x92RO\xf8\xbbp\xd9z\xae\xff\xfdSl\xd9\xb9\xd7\xde\xa5y\xed\xce\x04\xb7Y\xfd\xd3\xc7?\xed\xb3\x05\x83G\xc0\x05\x97x\xa6z^\xf65,\xf9\xc2\xbb\xbd\x03.\xf8\x11\\s3\x84\x87{\x9eY{+\x8f\xc4\x13\xb1{\xfa\x8d\xcf\xc9H\xef\xc4\x03w^\x19T?\xe9\x9c\x11L:gDP]]t\xe9\x94D\xe6\x82\'\x82\xf6\xbb\xf7\xe0\x91\xa0&gt;&gt;{s\x0e\xdb\xab\xf8h\xe1\xf7df\xe7\xf0\xda\xff\xfd2\xa8\xbeK\xa7$\xee\xbf\xe3J,\xcb\xc2\xb4B\xbf)\x84z\xa3\xb2W\xd9\xdf\xfcB\xd5\xf9\xde4\x03\xbb\xd9\x7f\th\x88\x92\xb5/\xd73~\xd9V\x0f\xd0=-\x85\x17\xdfYX\xa9\xde\xe7Xa\x11;\xb3\x0f\x92\xd8!x\xcd\x83\xa8\x88\x08\xce\x1a=\x88^\xdd:\x06\xd57\x86a\xfd{\xf0\xe6\xe3w\x92\x14\x1fK^~\xa17\x04\xde\xc5\xda-\xbb\xb8\xed\xcf/\x90\x97_@b|\x0c\xaf?r;\'\x0c\xe8Q\xe9v\xd6\xbb\x04\xfe\xd2\xd2\x14\xc5\xb2\x02\x1e\x13\xcdp\xfc&amp;(\xadI\xe0\xf3SE\xa5!K{g\xbf?TTTZv1-K\xa5\x9d\x17\xfbcBEE\xa5aJkb?w\x15\x95\x86*R\xf9{\x13\x95\x86)\xadI\xa5\xef#\x9b\xa1T\x9cK\xe5\xe7g\xa8\xfb\xd4\xde\xc7S\x17\\a\x01\xa6}C/{\xdf@U\xb7T\xad\x9a\xdd\x01\xb0u_1\x00\x97\x8e\xee\xc8-\xe3\xbb\x86,\x97\x8e\xf6|\xc7\xbdu_1N\x87g\x16\xddP\xeb\x04\xb75\xa1B\xe0\x9c\xfc\xf2\x16\x11\xfe\xd2\xd8\x01p\x9f\x1ei\x9c1r \x00\x8b\x7f\xd8R)\x04.-+\xe7\xc6?&gt;\xc3\xe2\x1f\xb6\x00p\xfa\x88\x81\xf4\xe9\x91\xe6oo\x11rs&lt;\xeb\x00\xd7\xf4,\x085\xed\xf3\x92\x05`\x19\x9e\x91\xc0N\x13\xf2\xf3!:\x1az\xf5\xf3\xa4\xc6\xf5\x9c\x02Z\xda\x9f\x9e]S\xedU\x8d\xaa\xba7\x11\xbb.\xde5\x9b\xedo|\xa1F\xfd\x12b\xdf\xb5z\xc3\xab\xe2\xcd\xd4\xden\xdf\xae6*\x9dw\x88\xe29\xa0\xbd\xafg\xfb\x0b\xc7\x0e\x07\xcb\xe2\xdb\xef7W\xda\xce\xb2,\xbe\xfd~\x0b\x89\xf1\xb1tKK\xae\xd4\xd6\x94eh\xbf\xee&lt;}\xff\x8d$\xc5\xc7r\xe4X!7\xff\xe9Yn\xba\xe7Yo\xf8\x1b\xcbS\xf7\xde\xc8\x89\x03{\xda\xef\x9e\x16\xc5\xf7\xa3((1\xd9\x7f\xd4]\xa9\xe4\x16T\xfcR\x91[\x10\xbaOA\x89\x19\xf4\xcb\x98J\xe3\x15\xa9|\x9f\xa8\xa84D\x11\xfc\xcbJ4\xe4\x7f\xf6\xc0FE\xa5\xa1\x8a\xfd9\xac\xd2\xfe\x8a\xfd1\xa1\xd2\xfeJk\xfa\xaf5\xb1?\xd7TT\x1a\xaa\xb4&amp;\xf6sWi\xd9\xa55\xb1\xdaq\xf9\xd7\xc2}\xbc\xb8p\x7f\x9d\xca\xbf\x16\xec\xe3_\x0b\xf6a\x05\xfc\xa0\xed?w\xdf\xfe\x03\xd9\x1f\x17\xbe\xefq\x03\x99\x96\xa7T\xda\x9f}\xe3\x00U\xb7\xd4\x8fo\xe4\xafodo(\xbe\xb6\xeaF\t\xb7U\xb1\x91N&amp;\x8fJ\xa1\x837\x04~\x7f\xf9A\nJ\\t\x88\nc\xf2\xa8\xe6\x0b\x7fi\xec\x00\xd8\xe9p\xf0\xcc\xfd71\xe1\xac\x93  \x04.w\xb9\xfd\xd3&gt;\xfb\xc2\xdf\tg\x9d\xc43\xf7\xdf\x84\xd3\xd1\xa8\xa7Tw\xc5E\x9e\x10\xb7\xaa\xb5\x7f\r\xc33\xed\xf3\xa0\x11!\xa6}vx\xc2c\xc3\x01N\xa7g=a\xd3\x82\xe4T\xcf\xee\n\n\xed{k\x14\x1f-\xfc\x9e\x8cq\xb7\xb3/\'\xaf\xd2:\xb2+\xd7g\xda\xbb\x87\xf4\xe7Yo\x05m\x17j\x8da\xdfT\xc5\x81\xe5\xd99_\xd8\xbb\x01T\xeaW\x1b\xbe\xfd\x7f\xb4\xf0\xfb\xa0\xdb1\xf5\xee\xa7\x01X\xb9&gt;3h\x9f\xa1\xd6\xc7\x1dw\xdd\x83A}|\xdb\x06\nu;|\xfb\xb6\xdf_\xf6c\x86\xda\xdf\xf1\xea\xd69\x99/\x97o\xa8tl\x9f\xc0\xfb%\x90\xefg\x16\xc8~;2\x02~FS\xef~\x9a+n\x7f\x14\x80\x1f\xdf\xf1\x18\xbd\xcf\xbd\x83\xd7&gt;\xf8\xc6\xfb\xef\xd7df\xe7\xf8\xd7\xf9]\xb9&gt;\x934o\xf0\xfb\xec\x9c/*\xbd\xe1\x04~p\xbc\xe9\x8f\xcfr\xd3\x1f\x9f\xf5\xd4\x07\xf4\x0b\xac\x07\x98\xf7\xe5\x0f\xf4?\x7f\x1a\xfb\x0e\x1c\xe6\xe6?=\xc7\x80\x0b~\xed/?l\xd8\xe9\xdd\xdeS.\xba\xe9\xef&lt;\xf8\xe4;|\xbf!\x93A\x17\xdd\xc5\xe0\t\xd3\x19&lt;a:\xb7\xcex\xbeR\xf0iY\x16\xf3\xbe\xfa\x81\xc1\x13\xee\n*\xfbr\xf2\x82\xce\xe7/O\xbd\xcb\x84\x9bg\xf2\xc3\xc6,\x86L\x9c\xce\x90\x89\xd3yc\xeeb\x86L\x9cN\xd6\xde\x83\xbc1\xf7[\x7f}\xa0\xce\xa9\tL&lt;k\x04s\xe6~\x1bT\xef\xb3r}&amp;\xa7\x8d\xe8G~\x81\xe7/\xa5\x02}\xf5\xddF\xf6\x05\x8c\xba\xce\xcb/\xe4\xf0Q\xcf\xeb\x82\xcb\x1d\xbcf\x00\xde\xfb\xf5x\xfe\x1b\xda\xbf;O\xddw#\xf1q1\xe4\x17\x14\x93_PL\\L4O\xdd{\x13\'\x0c\xecQ\xa9\xffq\xff\x17\xe2\x97\xdd\xca\xc5\x08QW}\xd9\x96\xe3\xe2\xf3u\xc5\x95\xca\xd2\xed\xa5\xfe\x9f\xf9\xd2\xed\xa5\x95\xda?_W\xcc\xb6\x1cW\xa5\xfd\xd5\\\xea~\x8e\x8dU\xec_&amp;\xa9\xb4\xec\xd2\x9a\xfe\xb3\x9f\xbb\x8aJK.\xf6\xd7\xc6\x86("""\x8d\xc5\xfe\x9e\xd3\x92\x8b\xfd=W\xa5\xfd\x95\xd6\xf4_c\xb1?/TZviM\xec\xe7\xde\xdeJkb\x7f\xbd\xa9\xcd\x7f\xfemm!\xae\xfd\xf6[\xb6\x80\xd6\xde\xee\xa9\xab|\x87\xf9j\x02\xfb\x87\xeaW_\r\xb8\xabv)6\xca\xc9y\'$\xf9G?;\x1d\x06\xe7\x9d\x90DlT\xf3\x85\xbf4v\x00\x0c\xe0p\x18\xfc\xf3\xcfS\xb9j\xc2i\xe0\r\x81o\x9d\xf1&lt;7\xdd\xf3\x9c?\xfc\xbdz\xe2i\xfc\xf3\xcfSqx\xef\x9cV\xc3\xb0&lt;e\xf0\x088\xff\xe2\x80i\x9f\xe7{\x9e\x91\xa6\xdb\x13\x1c[&amp;\x94\xbb!\xa5\xa3g\xaa\xe8\xa3y\xde?\xddh\xda\xbf\x86\xf8\xe9o\xfe\xc9\xaf\xa6\\\xe8_C\xf6\xee[&amp;s\xc5\xed\x8fV\x19,\xfa\x8c\xbb\xeeA\xbeY\xb99h\xfd\xd9\x9e]S\xc9\xf0\x86\xca&gt;O\xbf\xf19o?q\x97\xbf\xcf\xdbO\xdc\xc5\xcc\xe7&gt;\x08\n&amp;}a\xe5\xdd\xb7L\x0e\xea\xe7\x0b\x1ek\xe3\xf6\x07_\xf2\xdf\x8e\xc5s\x1e\xe0\xcb\xe5\x1b\x18w\xdd\x83\xfc\xf6\xa1\x7f\x07\xdd\xb6\xdb\x1f|)\xe8\xfc&gt;Z\xf8=WM85\xe8v|\xb9|\x03\x7f\x9e\xf5\x96\xbf\xcf\xca\xf5\x99\x9cv\xf5\x9fku~\x1f-\xfc\x9e+n\x7f4\xe86g\xed=\xd4\xe0!\xf0\xadW\x8f\xe7\xec\xd1\x83\xb9\xe2\xf6GC\xee\xbbK\xa7$\xce\x1e=\x98\xe5k\xb6\x05\xd5\x7f\xb3r3xo\x93\xcf\x8a\xb5\xdb\xc9H\xef\xc4\xc8!\x19\x01==^\x9a\xf9s\xde~\xe2.\x00\xfe;\xfb\xd7\xec\x98?\x9b)\x93\xcf\xf0\xfe{&amp;\x19\xe9\x9d\xd81\x7f6;\xe6\xcff\xc4\xe0\x0cF\x0c\xea\xc5\xefn\xba\x84\xff{\xe1\x7f\xf4=\xefN\xff~\x02\xdf\xf0\x02\xd5\xf4\x86\xe4\xdb\xee\xfa\xbb\x9f\xe6\xe7\xd7\x9c\xcf\xa6O\x1ee\xd3\'\x8f\xf2\x9b\x1b\'\xf1\x93\xbbf\xf3\xbd7\x04\xf6\xf4\x85o\x7f\xd8\xc23o|\xce\x86y\x8f\xb0~\xee\xc3\xac\x9f\xfb0_\xaf\xdc\xc8m\x7f~!\xe8\xc3\xcb\x83O\xbe\xc3\xf4\x99\xaf\xf1\xf9K\x7fb\xedG\x0f\xb3\xf6\xa3\x87\xf9\xf5\xcf&amp;2\xee\xfa\x07\x99\xf7\xd5\x0f\x15\x1fr\xbc\xe7w\xcf\xa3o\xf8\xfb]5\xe1T\xd6~\xf40=\xbbv\xe4\xea\t\xa7\xf9\xeb=\xdb\x98\x9e\xa7\xb9e1v\xf4 \xf6\x1e8\xc2\xe6\xcc\xbdA\xc7^\xb4b\x13\x96e\xd1\xb7g\x17\xff\x9b\x7f\xd0\x87+\xd3~\xdd\xa4\xdc\xe5"\xbf\xa0\x08\x87\xc3\x11\xdc\xd6P_x\x87\xf8\xf9X4\xd0\xbe\x03J\xa5\xdb\xd6\x00\xc5\xff\x0b\x95\xe7\x7f\xf5*\x9em[\xef\x7f\xad\x89\xfd1\xa1\xd2\xb2K{g\xbf?TTTTTTTTTT\x1a\xaa\xb4&amp;\xf6so\xc9\xc5\xfe\x9d\x81J\xc3\x94V\xf7_\x88\xc7\x86\xca\xf1\x97\xc6`?FK-S\xcf\xeeR\xa7r\xc39\x9e2\xf5\x9c\xb4\xa0o\xeej\x13\x04\x07\nl\xf3\\\xb7\xf7\x08\xde\xa6\xe2\x9c+\xf7#\xc4\xfe\xa5q\x15\x96\xb8\xf9|M\x1en\xef\xbc\xddn\xd3\xe2\xf35y\x14\x96T\x1e\xe4\xd5\x94\x1a=\x00\x060\x0c\x83\xbfO\xbf\x9a+/\x1a\x03\xc0\xc2e\xeb\xf9f\xe5&amp;\x00\xae\xbd\xe4\x0c\xfev\xd7\xd5\x18F\x0b\r\x7f\xa3c&lt;!\xaf\xfd\x89\xe40&lt;#{{\xf6\x81s\'z\xea\x16/\xf4L\xfblR\x11\xee\x1a\xde{91\x15\x06\x9f\x00\x05\xc7`\xb77\xc8JL\xac\xd8_\x13\xb8j\xc2\xa9A\xc1\x9f/X\xfc\xe7k\x9f\x04\xf5\x0b\xf4\xec\x9c/\xc8\xcc\xcea\xc1\xab3\x82\xea_\x9a\xf9s2\xd2;\xf1\xf4\x1b\x9f\xfb\xeb\x1e\xb8\xf3\xca\xa0\xfd\x8f\x1c\x92Q)\x98\xfc\xe3\xa3s8{\xf4`n\xbdz|P\xbf\xbbo\x99\xec\xbf^\x93)\x93\xcf\xf4\x1f\xa7K\xa7$\xa6L&gt;\x93\xcc\xec\x1c\xfe\xf1\xfbk\xfd}|\xfb\x0f\x0c?\'\x9d3"\xe8\xb8\x00w\xdf2\xd9\x1f\x94\x02\xfc\xf3\xb5Oj}~\xb7?\xf8\x12w\xdf29\xe86\xff\xe3\xf7\xd7V;Z\xb7\xbe^\x9a\xf9s\x9e\x981\x95/\x97o\x089\xd2x\xcc\xf0~\xbc\xf6\xc1\xd7\xfe\xeb\xbe\xe3\x9f=z0+\xd6n\xf7\xd7/]\xb5\x953F\x0e\xf0_\xaf\x8f\xc07\x96[\xae:\x97\xaf_\xbf\x0f\x80\xbe\xe7\xddI\x9f\xf1w\xd8z{\xd8\xdf\x88\xecO\xa7\xc0\xf6\x1f_8\x86\x93\x06ULE|\xe3\x15\xe3\x18;j \xcf\xbc\xfeYP\xdf\xac=\x07y\xe6\xfe\x9b&lt;o\xa6\xde\xff^\xfb\xc7\xafX\xb4b#\xab6z\x9ec\xab6\xee\xe4\x8d\xb9\x8b\xf9\xf7\xc3\xbf"\xadc\xc5\xf3\xed\x86+\xce\xe1\'\x13O\xe3\x9f\xff\xfe\xd4_\x07\xb0s\xcfA^\xf8\xeb\xadAu\xb51\xa8O7\xbatJ\xf4\xffQ\x8b\xef\r\xfe\xfb\xf5;8{\xf4`\xef\xf5\x8a\xfb\xae\xe2\x17\x80\x8a\xcb\x9e\xdb\xe1\xe9\x13\x13\x1d\x19\\\xdf@e\xed\xe6]\xfc\xe2\xde\x7fq\xf4X\x11\x1d\xe2\xa2\x89\x8f\x8b\xe6Xa1\xbf\xb8\xef\x05Vo\xcc\xaa\xd4\xffxJ\xed\xd5\xa5\xafG\xefNa\x8c\x1f\x1c]\xa9\x9c\xd2;\xd2\xdfgX\xb7\x88J\xed\xe3\x07G\xd3\xbbSX\xd0\xbe\x08\xfa\x85\xa9\xaab\x85\xa8S\xa9\xa9\xb4&amp;\xf6sWi\x7fE*\xff\xc1\x8c\x8a\x8a\x8a\x8a\x8a\x8a\x8aJK.\xad\x89\xfdwO\x95\xf6WZ\x13\xfb\xb9\xb7\xf4b\x0f\xb0\x1b\xa2\xe8\xbf\xca\xf7IC\x14\xfb\xcf\xae\xa1Js\xb3\x9f\x8b\xfd}\xca\xfe]i\xe09W\xee\x1bp\xc5\xbb\xad\x9d\xbd\xc6\xf2\x0e\xc4\xb1\x7f7k\xf9\xee\xf7\x10\xc7\xa9J\x88\xc3\x1d\x97\xf8\xe8\xca\xdf\xc3\xb6E\x85\xa5n&gt;X\x91\xcb1\xef\x9a\xbf?\x1a\xdd\x91\xb8\xa80\x8e\x95\xb8\xf8`E.\x85\xa5\xcd\x17\x027I\x00\x8c7\x04~\xe8\xb7?\xe5\xdaK\xce\xf0\xd7\xddp\xc5\xd9&lt;8\xed\xaa\x96\x1b\xfe\x02$w\xf2L\xf1l\x1f\x9d\x1c\xf8\x8c\xf65\x85\x1c\xd1\xeb\x9d&gt;\xda]\x0e\x07\xf6\xc2\xc2O\xa0\xb8\xc03\xadtR\x8a\xbds\xa3\xbad\xdcH{\x15c\x86\xf7#k\xef!{\xb5\xdf\xd2U[\x992\xf9L{5\x00g\x8c\x1c\x10\x14\x9e\xfa\x04N\x89\xfc\xe5\xf2\r\xec\xde\x97\xebo\xfbr\xf9\x06.\xbf\xe0\x94\xa0\xfe\x00\xa3\x86\xf5\xb1WUi\xf4\t}\x83\xaew\xeb\x9c\x0c\xde\xa0\xd6n\xcf\x81\xc3\xf6\xaa\xa0\xe9\xa3g&gt;\xf7\x01\x99\xd99\xfe\xb6\xda\x9e\x9f/`\xb5\xdf\xa7\xbes\x08\x1cylg\x9f\x86\xdb&gt;\x92\xba*\x93\xce\x19\xe1\x1f\xdd\xec\x0b\x82}|\xe7\xe7;\xaf\x15k\xb7s\xc6\xc8\x01\x8c\x19\xde\x8f7\xe7-\xf1\xf7\xfbr\xf9\x06&amp;\x8f?\xd9\x7f\xdd.\xd4\x9bJ \xcf\x9bYp\x9f.\x1d\x93\xd8\xf6\xf9,\xde||\x1a\x00}\xc7\xdf\xc9\xf7\xeb\x03F\xeb\xda\xfa\xdb\x0fao\x9fx\xb6g\xca\xf8\xc07\xce\xd1\'\xf4%k_nE_\xcb\xe2\xea\x89\xa7V\xfcZ\xe2\xed;|P/\x00\xf6\xe5\x1c\xc1\xb2,\xbe_\x9fI\xcfn\x1d9q`\xcfJo\x80#\x86\xf4f\xe7\x9e\x83\xfe\xa9\xa0-\xa0g\xb7\x8etNM\xa8\xd4\xd7\xffF\x19T_q\x92\x96eq\xe5\x84S\xf9b\xc9:\x0e\x1f)\x00`\xcd\xa6]\x1c:R\xc0\x90\xbe\xdd\xbc\xb7\xacv\x9cNG\x95\xaf\x89\x95\xce\xab\x0ee\xed\xe6]\xfc\xe2\xbe\x7f\x91\x97_Hb\x87\x18\x9e\xb9\xef&amp;\x9e\xb9\xff&amp;\xcf\x9a\xc0\xf9E\xfc\xf2\x81\x7f5x\x08\xec\xfb\xb94t\x89\x890\xe8\x14\xef\xa8T\x92b\r\xffo4\xf11\xa1\xfb\xc4DT\x9e\xce\xb91\xd8\x8f\xa1\xd2\xb2Kc\xf1\xbfv\xa8\xa8\xb4\x82\xd2\x18*\xbf/\xa8\xa8\xa8\xa8\xa8\xa8\xa8\xb4\xe4\xd2\x9a\xd8\x7f\x97QQi\xa8\xd2\x18\xec\x9fAU\x1a\xae4\x06\xfb1T\x1a\xa84\xd2\x7f\xf6\xa0\xb99\x8a\xef6\x9a\xa6\xa7xno\xf0kJ\xe0\xfb\xac\xaf\xbf\xffz\xc5\xc5\xa0z\xcf\xf5\xca\x0f\xf4\xca5\x95\xb7\x0b\xa5\x16]\x1aT\xaf\x8eQ\xf6\xaa6\xa7\xb0\xd4\xcd\x07\xdf\xe5R\xe0\r\x7f\'\x9f\x9cB\xa7\xf8p&amp;\x9f\x9cB\x9cwM\xe0\x0f\xbek\xbe\x10\xb8\xc9\x02`\x9f\x07\xa7]\xc5/\x7fz\x01\xbf\xba\xf6\x02f\xfc\xe2r{s\xcb\xd33\xc3\x13\xfe\xda\x9f\x1d\x967\xf0\xdd\xb5\x03\xe6\xcf\xf5L\xf7|\xc6\xb90\xfa,\xcf\xbd\xeatx\xb2_\xcb\x02\x97\tG\x8e\xc0[\xaf\xc0\x96\xf5\x9em\r\x0b2\xfa\xd9v\xda\xf2T\x17\x0e\xfb\x82W\x1f\xdf\xfa\xbaO\xcc\x98\xea\x9f\x12\xf9\xec\xd1\x83\xfd\xed\xb5\t9\x1b\x93oM\xdc\xee]R\x82\xa6\x8a\xf6\xa9\xcb\xf9\xf9\xfa\x9ev\xf5\x9f+\x85\xb9T\x11&lt;\xfb\xbc4\xf3\xe7A\xd3Pg.x\x82.\xde\xf5tk\xe3\xd6\xab\xc7\x93\xb9\xe0\t\xf0\xde&amp;\xbc\xc1sFz\'\xffh\xdf7\xe7-a\xf2\xf8\x93\xb9d\xdcH2\xb3s\xd8\x97\x93\xe7\x9f\x8a;TPN\x15o&amp;\x81\xaao\x85\x11Cz\xb1\xed\x8bY\x9c=z0\xbf\xff\xc7\x7f \xc4&gt;\xed\x87\xa8\xea\xcd-\xf8\xb2\xe7\xcd\x1c\xc0\xb4LL\xcb\xfb\x87\x16\x01\xbf@\xf8\xfby\xafXx.\xef=p\xd8\xdb\xaf\xf2\x07\xdb\xce\xa9\t\xc1\xdbY\x9ewf{?O\x9b\xe7\xa4*\xd5{\xcf\xd5\xb2,N\x1d\xde\x0f,X\xb6f\x1b\x96e\xb1b\xddvF\x0f\xebM\\l\xb4\xb7o\xe5\xed=\xd5\xf6\xba\xaaK}\xad\xdb\xb2\x9bk\xa6?A^~!I\xf1\xb1&lt;u\xdf\x8d\x0c\x1b\xd0\x9d\xa1\xfd\xbb\xf3\xcf{\xa7\xfaC\xe0k\x7f\xfbOVo\xda\xe5\xbf_[e\xf1&gt;\xae\xbcwm\xb3\x95\xc6\x12t\xfbTZ~\t\xf1&lt;VQiO\xa5\xb1\xd8_sUTTTTT\xdaci\x0c\xf6\xf7r\x15\x95\x96\\\x1aK\xa5\xcfu*\rR\x1a\x8b\xfd\xb5Q\xa5aJc\xb0\x1f\xa3\xad\x14\xc0\x1fF\x07\xde\xd6PA\xb0\xfd\xf5+\xe0b\xd0\xf3$p\xdf\x9e\xeb\x95\x7f(\x95kB\xb3o[\xd3v!\x0eU/\'\xf4\x88cX\x8fX{u\x9b\x12*\xfc\x8d\x8d\xf4\xac\xf9\x1b\x1b\xe9l\x11!p\x93\x07\xc0\x00\xbf\xb9q\x12\xd3o\x98d\xafn\x99\xfa\r\x82\xf0\xc8\xd0\xf7\x94ax\x9e\x11\xebVzF\xf6\x9a&amp;\x9cv6\x9c\xec\x1d1k\x18\x15\xa3\x83\xfd\xdbx\x9fE\xce\x08\xe8U\xfbQ\xaf\x81|\xc1kU\x81\xe5\xee}\xb9\xf4\xec\x9aj\xaf\x0e\xa9\xba\xa0\x12\xa8v?\x81\xdb~\xb4\xf0{2\xb3sX&lt;\xe7\x01&amp;\x9d3"\xa8_K\xb0/\'\x8f\xd7&gt;\xf8\x9a\'fL\xe5\x81;\xaf\xb47\xd7\x99/\xb0]&lt;\xe7\x81Jan\xe6\x82\'*M5\xdd\x18\xa6L&gt;3h\x04\xf6\x19#\x07\xb0t\xd5V\xf6\xe5\xe4\x91\x99\x9d\xc3\xc8!\x19t\xe9\x94DFz\'V\xae\xcfd\xf9\x9amU\x8e\xe6\xae\x89\xef\x8d\xc2\xfe\x86\xe1\x13\xf8\x06w\xe9\xf9\xa3\xc9\xcc\xcea\xef\x81\xe0\xc7\xa7\xfdM+\xf8M-\xf0\x8d/\xf8\xb2eY\x9e}Uu\xec\x807N\xfbs\xa2\xba`}\xff\xa1#\x9e\x0b\xbe7l\xef\x15\xdf\x1bl`\xf1\xdd\xc2\xa0:\xef\xe9x\xc2fO\xdd\x95\x17\x8d\xe1\xdd\xcf\x96\xb1cw\x0e\x9b3\xf72\xb4\x7f\x8f\xca\xfb\t\xdc\xb7\xfd\xba\xff\x83L\xe5s\xa8o1M\x8b\xbf=\xf3\xbe\xffv\xff\xf3\xde\xa9\x0c\xe9\xd7\xdd\xdf&gt;\xb4_\x0f\xfey\xefT\x7f\xfb?^\xf8\x9f\xff\xf2\xf1\xf0\xfd\x8c\x9b\xb4XU\\nC\xa51T&lt;\xeeT\x1a\xba4\x06\xfbs\\E\xa5=\x96\xc6`\x7f\xbdUQQQQQi\xa8\xd2X\xec\xef\x8f**-\xb94\x06\xfb\xe7/\x95\x86)\x8d\xc5\xfe\xda\xa8\xd20\xa5\xb1\xd8\x9f\xc3\xed\xad\xd4E\xe06\xa1\x82`_\xf1.\r\xeb\xad\x0f\xee\xe3\xbf\\q\xd1s\xbd\x8am\xaaRU\x17\xfb\xb6Ut\xabR\xb8\xd3\x13\x8e\x1d\xcc/\xb77\xf9\xf9\xda|}\xc7\xf4\x8f\'6\xca\x13\x86\xb6E\xd5\x85\xbf&gt;-!\x04\x0e\x15kJ\xa0\xe4\x8e\xd0{\x10\x849=k\xfe\x06&gt;=|\x17-`\xed\nX\xf8\xb1\xe7\xfa\xe9\xe3\xbc!p`\x07/\x87\x03"\xc3&lt;\xc1r|\xfd\xd6\x00\xf6\x8d\xe0\xfc\xdf\x82\x95\xf6&amp;\xa8f\x1a\xe3P\xeb\xd2\xbe\xf6\xc1\xd7\\5\xe1T{\xb5\x9f}m\xd9@\xdf\xac\xdc\\i[{\xe0\xf6\xe5\xf2\rAm\x19\xe9\x9d\x82\xd6\x04\xf6\xf9\xe0\x8b\xef\xecU\x8d\xc2~~KWm\rj\xab\xed\xf9u\xf5\xae\'\x1b\xea&gt;mJ\x81\x01\xfd\xe4\xf1\'\xf3\xe5\xf2\r\xfco\xc1\xca\xa0\xa0\xf7\x8c\x91\x03X\xbef\x1b\xdf\xac\xdc\\i\xfal\x1f\xfb\x9b@ \xcb\xf2\xfe\xd1A\x15}\x82\xa3\xdc\n]:y\xee\xa3\xee]R\xc8\n\x98\x06\xdcg\x97wt\xb9\xfd\xd8?l\xd8\x89eY\x98\xa6\xe9\xf9\xe5\x13\x8b\xd7?\xfa\x96\xcb/8%\xe8\ru\xf1\xaa\xad\xfem}\xbf\xa4~\xbch\x15\x00\x17\x9cq"\x96\x05\xc3\x07g\x90\xb5\xf7 ?l\xcc\nz\xc3\xb5,X\xb9n\x07g\x8c\x1c@\xe7\x80\xb5\x81\xab\xd2\xbdK\xed\xa6k\x1fs\xa2\xe7\xfe}\xe3\xa3o\xe9\xdf\xab\x0b\xe9\x9d\x93+~\x89\xf6\x87\xbd\x81\xbfX{\x7f1\x08\xbc^\xa9\xcf\xf1\x15\x80\'\xfe&lt;\x95\xa1\xfd\xba\xf3\xef\x87\x7f\xc5\x90\xbe\xdd+\xf5\x19\xd2\xd7\xd36\xb4_wf\xcd\x98Z\xa9\xbd&gt;\xa51\xd8\x8fQ\xa9x:\x81e5\xf8\xfd\xd8\xb6K\xf0sC\xa5e\x97\xc6b\xb5\xf3bz?\x8c\xa9\xb4\xdfb\x7f\xae5T1MKEEEE\xa5\x11\x8a\xfd\xf5\xb6%\x17\xfb{\x8eJ\xfb+\xf6\xdf=[ri,\xf6\xe7\x85JK.\xf6\xef\x0cT\x1a\xaa4\x06\xfbs\xb8=\x96\xc6P\xf9yQ}\t\xdc\x06\x08\n\x82\x03\xeb}\xef\x0b\x9e\xfa\x8a\xc7E\xf0\xb6\xc1|\xf5\x9e\xcb\xc1\xad\xf6\xbe\xd8\xfaW\xa7\xban\xf6}\xf4\xeb\x12\r\xc0{\xcb\x0f\xf2\xdc\x17{C\x96\xf7\x96\x1f\x0c\xea\xdb\xd6\xd5\x14\xfe\xfa\x84\n\x81\x9bR\xed\x02`\xdf\x94\xab-Yc\x9d\xa3a\xc0I\xa3\x8100L\xcf\xf5@V\xc03w\xed\n\xf8\xe2#\xcft\xd0\xa7\x8f\x83S\xce\xf6\xf4\xf7M\x07\xed\x1b\xfd\xeb\x88\x80\x93O\x07G\xe8\x07EM\xbatJ\xe2\xee[&amp;3\xf3\xb9\x0f\xfc\xd3\xfa\xfa\x8c\xbb\xeeA\xce\x1e=8\xe4(\xdc\xdb\x1f|)h\x84\xe4\xd4\xbb\x9f\x06\xef\x94\xc2U\xf1\xb5\x8d\xbb\xee\xc1\xa0\xfa\xa9w?Mfv\x8e\xbf\xdd\x17\xac&gt;;\xe7\x8b\xa0&gt;vwM\x9d\xc8k\x1f|\x1d\xd4\xef\xa3\x85\xdfW\x1927\x14\xdf\xf9\xfd\xf3\xb5O\xfcu\xcf\xce\xf9"(\xa0\xa6\x0e\xe7\xe7\xfb\x19\xdc\xfe\xe0K\x95B`\xfb}u\xbc\xa6\xde\xfdt\xa5c\xf8\xce)0\xe8\xf7\xfda\xc0\x9b\xf3\x96\x04\x05\xbd\x93\xc7\x9f\xcck\x1f|\xed\x1f\x15\\\x17\xbe\x17\xfbn\x9d\x93=\xeb\xe5\x1e\xacx\xfc&lt;\xf7\xe6|\x9e{s~Eg\xef\x08\xdc;\xff\xf2r\xd0Z\xdf\xa3\x86\xf6agv\x0e\xf3\xbe\xfc\x01\xbcoT\x0f\xfc\xf3mv\xee9\xe8\x7f\xa7\xb1\xac\x8a\x83\xdd5\xf3U\xff\xe3\xd4\xc2\xe2\xb6?\xbf\x00\xc0\xd4\xcb\xcf\xf6oo\x01Y{\x0e\xf2\xd7\xa7\xde\xf5\xbf\xf1\xfd\xb01\x8b\xc7^\x9e\xc7\xb4\x9fM\xf0\xbf\x81\x9e8\xa0\x07g\x8c\x18\xc0\xf5\xbf{\x92\xfd\x07\xbdk\xfdZ\x16/\xbd\xb3\x907\xe7-\xe1\xa6+\xcf\xad\xf4K\x98\xfd\x973\xcb\xb2\xe8\xd69\x99\xa5\xde\xc0\xd9_\x82\xde\xc4=uI\tq\x8c=y09\x87\xf3\x191\xa4\xb7\x7f\x9f\r\xc5~^\xb5-\x89\x1dbx\xf5\xff~\xc1\x90\xbe\xe9\x95\xda|eH\xdft^\xfd\xbf_\x90\x18\xe7\x99\xb2\xbaiKmo\x9b\xef\xfe\xae\xaax~*\xfeR\xa9=t\xb1\x7f8\x0f.F\x88\xba\xb6U\x82\xee\xb3\x06,\xf6\xe3\xa8\xb4\xecb\x7f^4D\xb1\x7fQ\xdb\x92K\xe5\xd7\x1b\x15\x95\x86)\x8d\xc1\xfez\xab\xa2\xa2\xa2\xd2\xd2Kc\xb0\xbf\xde\xaa\xa8\xb4\xe4b\xff\xdd\xb3\xa1\x8a\xfd\xf7\xef\x86(\xf6\xcf\t*\rS\xec\xaf\x8b\rU\x1a\x83\xfd1\xd1\x1eKc\xb1\xbf6\xb4\xb7\xd2X\xec\xcf\x8b\xa6.\x10\xfc\xd8\t\xbal\x0b\x82}\x82^\x17\x02\x1a*\xb6\xab\xd8w`\xbd\xe7r`Kp\xbf\xea\xd8\xb7\xa3\x0e\xdb\x9e10\x81\xc1\xe9\xb1\xfe\xd1\xbd\xa1\x84;\x1d\x0cN\x8f\xe5\x8c\x81\x9ee\x17\xdb\xba\x82\x12\x17\x1d\xa2\xc2\x98&lt;\xaa\xea\xf0\xd7\'6\xd2\xc9\xe4Q)t\xf0\x86\xc0M\xc9\xb0\xfe{v\xcd?\xe7\xe1w@X\x0bO\xee]\xc5\xb0j\xb6\xbd\xb6\xb2Q\xbf\xb7\xd7T\xcf\xb2&lt;!\xee\xea\x15\xf0\xe5\xc7\x9ep7T\xd6lx\xff\xcf\x01\x0c\x1b\x05\xe7\\\xe8\tx\xbf]\x00\xdf}\xed}6Y\x9e\x11\xc0\xe3.\x86a\'y\x9e\xe9\x0e\xfb\x1c\xd1\xb5\xf7\xd1\xc2\xef\xb9\xfd\xc1\x97\x82\xea\xa6L&gt;\xb3\xd2\x14\xc7\xbe~\x8b\xe7&lt;\xc0iW\xff\xd9_\x9f\x91\xde\x89\x05\xaf\xce\x08\xea\xfb\xec\x9c/\x98\xf9\xdc\x07\xfe5f}\xa6\xde\xfdtPXz\xf6\xe8\xc1\xbc4\xf3\xe7A}\xec\xe7\xf3\xf6\x13w\xf9\x03\xd7\xc0\xbe\xf6~S&amp;\x9f\xc9\xe4\xf1\'s\xc5\xed\x8f\xf2\xf6\x13w\xf9C\xcaq\xd7=\xc8\x19#\x07\xf8o\xcf\xbe\x9c&lt;N\xbb\xfa\xcf&lt;1cjP\xc0]\xd59g\x8c\xbb\x9d\xbbo\x99\xec\x0f\xa9}\xdb\xfb\xf8\xd6\xff\xb5o[\xdd\xf9-\x9e\xf3@\xd0(b\xdf\xb1\x03\x05\xde\x86\x86`\xbf\xef}\xec\xe7\x82wM\xe0\xd7&gt;\xf8:\xe4}\x11\xeag\x961\xeev~\x7f\xf3dn\xbd\xfa\\\xf0\x8eh\xfe\xf1\x1d\x8f\xf1\xdf\xd9\xbff\xc4\xe0\x8a\xdb`Y\x167\xfe\xf1\x19\xbe\xfan#\x00o\xcd\x9a\xc6\x8a\xb5;x\xe8\xf9\xe0\xdb\x0e\xf0\xf8=\xd73\xf1\xec\x93 \xe0\xcd\xe9\xf9\xb7\xe6\xf3\x8f\x17&gt;\xf4\xf7y\xec\x8f\xd7\xf1\xdeg\x9eQ\xd5\xcf&gt;x3\x00\xf3\xbe\xfa\x81\xe93_e\xfe\xcb38\xf7g\x0f\xfa\xb7\xed\xd5\xad#\x1f=\xe7y\xde\xfa\xde\xa8&amp;\xdd\xf2\x7f\x9c:\xbc/]:%\xf1\xd8\xcb\xf3|\xbb\xe5\xa1\xdf\\\xc3\x05g\x9e\xe8\xbf\xee\xf3\xf2\xbb_\xf2\xf8+\xde\x11\xfa^\xab&gt;x\x08\x02\xf6\xf9\xf7g\xdfg\xe9\xeam|\xf0\xd4o\x82\xfa\xf9\x9c\xf4\xa3\x8a\xd7\x8e\x1f\xde\x7f\x88\x9c\xdc\xa3\\\xf5\xeb\xd9\xdc\x7f\xfb\x15\x8c=y\x90\xbfm\xc7\xee\x1c\xde\x9c\xb78h}i\x80O\xbe^Mxx\x18\xe7\x8e\x19\xe2\xaf\xfbz\xe5f\xfa\xf5L#\xcd\xbb\x1eq\xde\xb1B,\x0b\x92\xe3\x9bn}\x84\x9a\xdf\x00\x8eCm^\x93\x1bPq\x99\xc5\xf6\x1c\xcft#\xe9Ia$\xc6V\xfdKIc\x0b\xf1;\x954\x80P\xbf\xacJ\xfb\xa3G\x81H\xe3\xd0K\xacH\xebb\xff\xdbt\x11i\xb9\xf4t\x15C/\xda\x8dFwm\xe3h\x8c\xbb\xb55\xfd\xac\xea\xf3\x9c\r\xdc"ps\xdfe#\xa0\x87\xbf.\xa0\x9f#\xe0J\xd0\xf6\x15\x17m\xfb\r\xe8_Q]Q\x17\xaa\xb2\x8a\xdbV\xb9\xc6#DWiej\x17\x00\x0f\xba\x0eb\xbb\xd8k[\x96\xc2}\xb0\xf1U{meu\r\x80\t\x08\x81W.\x86/?\xf5\x84\xb8\x18\x9e5\x7f\x03\x19\xdeg\x85\xe1\r\x81\xcf\x9d\xe8\xa9\xff\xf6K\xf8\xee+p\x9b0\xfeb8qT\xc5&gt;\x9b@`\x00l\x0f\x0c\xa5v\xda\xf2}\x18*P\xb1W\x85\xec\x13\xe2+x{\xbf\xc0\xab\xc1\x7f\xcd\xe4\xb9lY\x15\x97\xe7}\xf5\x03\xbfy\xe85\xe6\xbf&lt;\x83\xce\x1d=\x81\xa8o\x13\xfb\xb6\x17\xdf\xfa\x0f\xc6\x0c\xef\xcb\x1fo\xbb4\xa8\xddj\xe4\xbf(\xab\xad\xe6?\x83\xe6gY\x16\xac\n\xfeC\x84\xf6\xa4%&lt;\x0e\xa5\xf6\xf4\xd3\x12=eEZ\x17=g\xa55i\xa2\x8f\xfd"\xd2@\xf4\x9c\x15=\x04\x1aG\xa8\xd0I\x8e\x9f\xee\xd6\x96\xf1\x9c\xad\x08t+b\xde\xe0\xb0\xd6\xfbo\r!\xb0\'^\xf2T\xd8\xeb\xedu\x9e\xeb\x01\xfb\x0bj\xa9\xdc\xd7\xa7\xaa\xe7b\xa8\xda*\xbaJ+\xe2\xbc\xef\xca^\xf7\xd9++\x89\xe9\xdc\xf2\x03\xe0#\xdb\xe0\xe8v{me]+\xa6\xa6\xad5\xc3\x1b\xf6v\xeb\x01q\xf1ph\x1f\x98\xe5\xe0\xf6\x8e\xe0\r\xfc\x02\xc2w\xf9\xe0&gt;((\x84\x9e}\xa0go0\r\x180\x04\x86\x9f\xec\t\x82\x1dM72m\xcb\xce}|\xbch\x157^q\x0e\x1db[\xf8H\xee\x16\xea\xdf\xff\xfb\x9a\xe4\x848\xae\rX[\xb7\xad\xb2\x7f\xa1V\xdb \xcb\xde\xaf\xba\xf0\xd7\x1e\xecZ\x96\xc5\xb6\xac\xfd|\xfa\xcd\x1a\xae\xbbt,q\xb1Q!\xfb\xf8\xbc\xf1\xd1\xb7\xa4\xa7\xa5p\xc6\xc8\x81!\xdbkw\xc6\x8d\xc7~_\xb4G\x96e\xc1\xfee\xf6j9Nzd5\x0e=eE\x8f\x01\xf1M\xcc\xa5\xd2:Jc\xb0\x02\xa7aSi\xb7%\xe47_\xc7\xc9~\x0c\x95\xf6W\x1a\xe5\x81%"\n&amp;D@\xef14\xff]`?\xbcE\xf0\x0bT\xe8\xa0\xd7s%TH\x1cP\x13\x10\x1c\x07\xd4\x06m\x13\xbc\x91}\x17\x95\xf7\xe9a\xdf\xce\xc7^[E7iEj\x17\x00;\x9c\x90\\1\xc5i\x8b\xb4\x7f)\x94\xd4b\x01\xe5\xfa\x04\xc0x\x1f\xed\x96\x05i]\xa1W?(+\x87\xdc\x03\xe0\xf4\xd6\xdbY@~\x0e\xb8L\xe8\x91\x01\xdd{AZ7O\xdbqL\xfb\\\x1f\n\x80k\xef\xd99_\xb0\xff\xe0\x11\xfagT\xfc\xc1\xc3\xb3s\xbe\xe0\xa9\xd7?\xe3\xe1\xbb\xa7\xd0\xb5\x8d\x8f\xfe\r\xf5P\xae\x8f\xc0\xfd\x04'... (set the log level to DEBUG or TRACE to see the full content) 
 </msg>
<msg time="2025-05-31T13:00:04.976401" level="INFO">POST Response : url=https://petstore.swagger.io/v2/pet/5/uploadImage 
 status=200, reason=OK 
 headers={'Date': 'Sat, 31 May 2025 07:30:04 GMT', 'Content-Type': 'application/json', 'Transfer-Encoding': 'chunked', 'Connection': 'keep-alive', 'Access-Control-Allow-Origin': '*', 'Access-Control-Allow-Methods': 'GET, POST, DELETE, PUT', 'Access-Control-Allow-Headers': 'Content-Type, api_key, Authorization', 'Server': 'Jetty(9.2.9.v20150224)'} 
 body={"code":200,"type":"unknown","message":"additionalMetadata: image/png\nFile uploaded to ./demo.jpg, 320077 bytes"} 
 </msg>
<msg time="2025-05-31T13:00:04.976401" level="INFO">C:\Program Files\Python310\lib\site-packages\urllib3\connectionpool.py:1097: InsecureRequestWarning: Unverified HTTPS request is being made to host 'petstore.swagger.io'. Adding certificate verification is strongly advised. See: https://urllib3.readthedocs.io/en/latest/advanced-usage.html#tls-warnings
  warnings.warn(</msg>
<msg time="2025-05-31T13:00:04.977351" level="INFO">${response} = &lt;Response [200]&gt;</msg>
<var>${response}</var>
<arg>alias=petstore</arg>
<arg>url=pet/5/uploadImage</arg>
<arg>data=${payload}</arg>
<arg>files=${files}</arg>
<arg>expected_status=200</arg>
<doc>Sends a POST request on a previously created HTTP Session.</doc>
<status status="PASS" start="2025-05-31T13:00:02.813557" elapsed="2.163794"/>
</kw>
<status status="PASS" start="2025-05-31T13:00:02.809103" elapsed="2.169450"/>
</test>
<status status="PASS" start="2025-05-31T13:00:02.271195" elapsed="2.708502"/>
</suite>
<statistics>
<total>
<stat pass="1" fail="0" skip="0">All Tests</stat>
</total>
<tag>
</tag>
<suite>
<stat name="Multipart Upload" id="s1" pass="1" fail="0" skip="0">Multipart Upload</stat>
</suite>
</statistics>
<errors>
</errors>
</robot>
